This is pdfTeX, Version 3.1415926-2.5-1.40.14 (MiKTeX 2.9) (preloaded format=pdflatex 2015.5.19)  26 MAR 2018 06:23
entering extended mode
**EpiR-Tampere2018-lect7.tex
(C:\Users\janne.pitkaniemi\Projects\TRE2018\EpiR-Tampere2018-lect7.tex
LaTeX2e <2011/06/27>
Babel <v3.8m> and hyphenation patterns for english, afrikaans, ancientgreek, ar
abic, armenian, assamese, basque, bengali, bokmal, bulgarian, catalan, coptic, 
croatian, czech, danish, dutch, esperanto, estonian, farsi, finnish, french, ga
lician, german, german-x-2013-05-26, greek, gujarati, hindi, hungarian, iceland
ic, indonesian, interlingua, irish, italian, kannada, kurmanji, latin, latvian,
 lithuanian, malayalam, marathi, mongolian, mongolianlmc, monogreek, ngerman, n
german-x-2013-05-26, nynorsk, oriya, panjabi, pinyin, polish, portuguese, roman
ian, russian, sanskrit, serbian, slovak, slovenian, spanish, swedish, swissgerm
an, tamil, telugu, turkish, turkmen, ukenglish, ukrainian, uppersorbian, usengl
ishmax, welsh, loaded.

(C:\Users\janne.pitkaniemi\AppData\Roaming\MiKTeX\2.9\tex\latex\beamer\base\bea
mer.cls
(C:\Users\janne.pitkaniemi\AppData\Roaming\MiKTeX\2.9\tex\latex\beamer\base\bea
merbasercs.sty
Package: beamerbasercs 2015/03/08 (rcs-revision 368aa9ba9d38)
)
Document Class: beamer 2015/01/05 3.36 A class for typesetting presentations (r
cs-revision 8a39122e1f63)

(C:\Users\janne.pitkaniemi\AppData\Roaming\MiKTeX\2.9\tex\latex\beamer\base\bea
merbasemodes.sty
Package: beamerbasemodes 2013/09/03 (rcs-revision 768f2d98ca64)
\beamer@tempbox=\box26
\beamer@tempcount=\count79
\c@beamerpauses=\count80

(C:\Users\janne.pitkaniemi\AppData\Roaming\MiKTeX\2.9\tex\latex\beamer\base\bea
merbasedecode.sty
Package: beamerbasedecode 2010/05/01 (rcs-revision efa082c6111d)
\beamer@slideinframe=\count81
\beamer@minimum=\count82
)
\beamer@commentbox=\box27
\beamer@modecount=\count83
)
("C:\Program Files (x86)\MiKTeX 2.9\tex\generic\oberdiek\ifpdf.sty"
Package: ifpdf 2011/01/30 v2.3 Provides the ifpdf switch (HO)
Package ifpdf Info: pdfTeX in PDF mode is detected.
)
\headheight=\dimen102
\headdp=\dimen103
\footheight=\dimen104
\sidebarheight=\dimen105
\beamer@tempdim=\dimen106
\beamer@finalheight=\dimen107
\beamer@animht=\dimen108
\beamer@animdp=\dimen109
\beamer@animwd=\dimen110
\beamer@leftmargin=\dimen111
\beamer@rightmargin=\dimen112
\beamer@leftsidebar=\dimen113
\beamer@rightsidebar=\dimen114
\beamer@boxsize=\dimen115
\beamer@vboxoffset=\dimen116
\beamer@descdefault=\dimen117
\beamer@descriptionwidth=\dimen118
\beamer@lastskip=\skip41
\beamer@areabox=\box28
\beamer@animcurrent=\box29
\beamer@animshowbox=\box30
\beamer@sectionbox=\box31
\beamer@logobox=\box32
\beamer@linebox=\box33
\beamer@sectioncount=\count84
\beamer@subsubsectionmax=\count85
\beamer@subsectionmax=\count86
\beamer@sectionmax=\count87
\beamer@totalheads=\count88
\beamer@headcounter=\count89
\beamer@partstartpage=\count90
\beamer@sectionstartpage=\count91
\beamer@subsectionstartpage=\count92
\beamer@animationtempa=\count93
\beamer@animationtempb=\count94
\beamer@xpos=\count95
\beamer@ypos=\count96
\beamer@showpartnumber=\count97
\beamer@currentsubsection=\count98
\beamer@coveringdepth=\count99
\beamer@sectionadjust=\count100
\beamer@tocsectionnumber=\count101

(C:\Users\janne.pitkaniemi\AppData\Roaming\MiKTeX\2.9\tex\latex\beamer\base\bea
merbaseoptions.sty
Package: beamerbaseoptions 2013/03/10 (rcs-revision 47431932db0d)

("C:\Program Files (x86)\MiKTeX 2.9\tex\latex\graphics\keyval.sty"
Package: keyval 1999/03/16 v1.13 key=value parser (DPC)
\KV@toks@=\toks14
))
\beamer@paperwidth=\skip42
\beamer@paperheight=\skip43

("C:\Program Files (x86)\MiKTeX 2.9\tex\latex\geometry\geometry.sty"
Package: geometry 2010/09/12 v5.6 Page Geometry

("C:\Program Files (x86)\MiKTeX 2.9\tex\generic\oberdiek\ifvtex.sty"
Package: ifvtex 2010/03/01 v1.5 Detect VTeX and its facilities (HO)
Package ifvtex Info: VTeX not detected.
)
("C:\Program Files (x86)\MiKTeX 2.9\tex\generic\ifxetex\ifxetex.sty"
Package: ifxetex 2010/09/12 v0.6 Provides ifxetex conditional
)
\Gm@cnth=\count102
\Gm@cntv=\count103
\c@Gm@tempcnt=\count104
\Gm@bindingoffset=\dimen119
\Gm@wd@mp=\dimen120
\Gm@odd@mp=\dimen121
\Gm@even@mp=\dimen122
\Gm@layoutwidth=\dimen123
\Gm@layoutheight=\dimen124
\Gm@layouthoffset=\dimen125
\Gm@layoutvoffset=\dimen126
\Gm@dimlist=\toks15

("C:\Program Files (x86)\MiKTeX 2.9\tex\latex\geometry\geometry.cfg"))
("C:\Program Files (x86)\MiKTeX 2.9\tex\latex\base\size12.clo"
File: size12.clo 2007/10/19 v1.4h Standard LaTeX file (size option)
)
(C:\Users\janne.pitkaniemi\AppData\Roaming\MiKTeX\2.9\tex\latex\pgf\basiclayer\
pgfcore.sty ("C:\Program Files (x86)\MiKTeX 2.9\tex\latex\graphics\graphicx.sty
"
Package: graphicx 1999/02/16 v1.0f Enhanced LaTeX Graphics (DPC,SPQR)
 ("C:\Program Files (x86)\MiKTeX 2.9\tex\latex\graphics\graphics.sty"
Package: graphics 2009/02/05 v1.0o Standard LaTeX Graphics (DPC,SPQR)

("C:\Program Files (x86)\MiKTeX 2.9\tex\latex\graphics\trig.sty"
Package: trig 1999/03/16 v1.09 sin cos tan (DPC)
)
("C:\Program Files (x86)\MiKTeX 2.9\tex\latex\00miktex\graphics.cfg"
File: graphics.cfg 2007/01/18 v1.5 graphics configuration of teTeX/TeXLive
)
Package graphics Info: Driver file: pdftex.def on input line 91.

("C:\Program Files (x86)\MiKTeX 2.9\tex\latex\pdftex-def\pdftex.def"
File: pdftex.def 2011/05/27 v0.06d Graphics/color for pdfTeX

("C:\Program Files (x86)\MiKTeX 2.9\tex\generic\oberdiek\infwarerr.sty"
Package: infwarerr 2010/04/08 v1.3 Providing info/warning/error messages (HO)
)
("C:\Program Files (x86)\MiKTeX 2.9\tex\generic\oberdiek\ltxcmds.sty"
Package: ltxcmds 2011/11/09 v1.22 LaTeX kernel commands for general use (HO)
)
\Gread@gobject=\count105
))
\Gin@req@height=\dimen127
\Gin@req@width=\dimen128
)
(C:\Users\janne.pitkaniemi\AppData\Roaming\MiKTeX\2.9\tex\latex\pgf\systemlayer
\pgfsys.sty
(C:\Users\janne.pitkaniemi\AppData\Roaming\MiKTeX\2.9\tex\latex\pgf\utilities\p
gfrcs.sty
(C:\Users\janne.pitkaniemi\AppData\Roaming\MiKTeX\2.9\tex\generic\pgf\utilities
\pgfutil-common.tex
\pgfutil@everybye=\toks16
\pgfutil@tempdima=\dimen129
\pgfutil@tempdimb=\dimen130

(C:\Users\janne.pitkaniemi\AppData\Roaming\MiKTeX\2.9\tex\generic\pgf\utilities
\pgfutil-common-lists.tex))
(C:\Users\janne.pitkaniemi\AppData\Roaming\MiKTeX\2.9\tex\generic\pgf\utilities
\pgfutil-latex.def
\pgfutil@abb=\box34

(C:\Users\janne.pitkaniemi\AppData\Roaming\MiKTeX\2.9\tex\latex\ms\everyshi.sty
Package: everyshi 2001/05/15 v3.00 EveryShipout Package (MS)
))
(C:\Users\janne.pitkaniemi\AppData\Roaming\MiKTeX\2.9\tex\generic\pgf\utilities
\pgfrcs.code.tex
Package: pgfrcs 2013/12/20 v3.0.0 (rcs-revision 1.28)
))
(C:\Users\janne.pitkaniemi\AppData\Roaming\MiKTeX\2.9\tex\generic\pgf\systemlay
er\pgfsys.code.tex
Package: pgfsys 2013/11/30 v3.0.0 (rcs-revision 1.47)

(C:\Users\janne.pitkaniemi\AppData\Roaming\MiKTeX\2.9\tex\generic\pgf\utilities
\pgfkeys.code.tex
\pgfkeys@pathtoks=\toks17
\pgfkeys@temptoks=\toks18

(C:\Users\janne.pitkaniemi\AppData\Roaming\MiKTeX\2.9\tex\generic\pgf\utilities
\pgfkeysfiltered.code.tex
\pgfkeys@tmptoks=\toks19
))
\pgf@x=\dimen131
\pgf@y=\dimen132
\pgf@xa=\dimen133
\pgf@ya=\dimen134
\pgf@xb=\dimen135
\pgf@yb=\dimen136
\pgf@xc=\dimen137
\pgf@yc=\dimen138
\w@pgf@writea=\write3
\r@pgf@reada=\read1
\c@pgf@counta=\count106
\c@pgf@countb=\count107
\c@pgf@countc=\count108
\c@pgf@countd=\count109
\t@pgf@toka=\toks20
\t@pgf@tokb=\toks21
\t@pgf@tokc=\toks22

(C:\Users\janne.pitkaniemi\AppData\Roaming\MiKTeX\2.9\tex\generic\pgf\systemlay
er\pgf.cfg
File: pgf.cfg 2008/05/14  (rcs-revision 1.7)
)
Driver file for pgf: pgfsys-pdftex.def

(C:\Users\janne.pitkaniemi\AppData\Roaming\MiKTeX\2.9\tex\generic\pgf\systemlay
er\pgfsys-pdftex.def
File: pgfsys-pdftex.def 2013/07/18  (rcs-revision 1.33)

(C:\Users\janne.pitkaniemi\AppData\Roaming\MiKTeX\2.9\tex\generic\pgf\systemlay
er\pgfsys-common-pdf.def
File: pgfsys-common-pdf.def 2013/10/10  (rcs-revision 1.13)
)))
(C:\Users\janne.pitkaniemi\AppData\Roaming\MiKTeX\2.9\tex\generic\pgf\systemlay
er\pgfsyssoftpath.code.tex
File: pgfsyssoftpath.code.tex 2013/09/09  (rcs-revision 1.9)
\pgfsyssoftpath@smallbuffer@items=\count110
\pgfsyssoftpath@bigbuffer@items=\count111
)
(C:\Users\janne.pitkaniemi\AppData\Roaming\MiKTeX\2.9\tex\generic\pgf\systemlay
er\pgfsysprotocol.code.tex
File: pgfsysprotocol.code.tex 2006/10/16  (rcs-revision 1.4)
))
(C:\Users\janne.pitkaniemi\AppData\Roaming\MiKTeX\2.9\tex\latex\xcolor\xcolor.s
ty
Package: xcolor 2007/01/21 v2.11 LaTeX color extensions (UK)
 ("C:\Program Files (x86)\MiKTeX 2.9\tex\latex\00miktex\color.cfg"
File: color.cfg 2007/01/18 v1.5 color configuration of teTeX/TeXLive
)
Package xcolor Info: Driver file: pdftex.def on input line 225.
Package xcolor Info: Model `cmy' substituted by `cmy0' on input line 1337.
Package xcolor Info: Model `hsb' substituted by `rgb' on input line 1341.
Package xcolor Info: Model `RGB' extended on input line 1353.
Package xcolor Info: Model `HTML' substituted by `rgb' on input line 1355.
Package xcolor Info: Model `Hsb' substituted by `hsb' on input line 1356.
Package xcolor Info: Model `tHsb' substituted by `hsb' on input line 1357.
Package xcolor Info: Model `HSB' substituted by `hsb' on input line 1358.
Package xcolor Info: Model `Gray' substituted by `gray' on input line 1359.
Package xcolor Info: Model `wave' substituted by `hsb' on input line 1360.
)
(C:\Users\janne.pitkaniemi\AppData\Roaming\MiKTeX\2.9\tex\generic\pgf\basiclaye
r\pgfcore.code.tex
Package: pgfcore 2010/04/11 v3.0.0 (rcs-revision 1.7)

(C:\Users\janne.pitkaniemi\AppData\Roaming\MiKTeX\2.9\tex\generic\pgf\math\pgfm
ath.code.tex
(C:\Users\janne.pitkaniemi\AppData\Roaming\MiKTeX\2.9\tex\generic\pgf\math\pgfm
athcalc.code.tex
(C:\Users\janne.pitkaniemi\AppData\Roaming\MiKTeX\2.9\tex\generic\pgf\math\pgfm
athutil.code.tex)
(C:\Users\janne.pitkaniemi\AppData\Roaming\MiKTeX\2.9\tex\generic\pgf\math\pgfm
athparser.code.tex
\pgfmath@dimen=\dimen139
\pgfmath@count=\count112
\pgfmath@box=\box35
\pgfmath@toks=\toks23
\pgfmath@stack@operand=\toks24
\pgfmath@stack@operation=\toks25
)
(C:\Users\janne.pitkaniemi\AppData\Roaming\MiKTeX\2.9\tex\generic\pgf\math\pgfm
athfunctions.code.tex
(C:\Users\janne.pitkaniemi\AppData\Roaming\MiKTeX\2.9\tex\generic\pgf\math\pgfm
athfunctions.basic.code.tex)
(C:\Users\janne.pitkaniemi\AppData\Roaming\MiKTeX\2.9\tex\generic\pgf\math\pgfm
athfunctions.trigonometric.code.tex)
(C:\Users\janne.pitkaniemi\AppData\Roaming\MiKTeX\2.9\tex\generic\pgf\math\pgfm
athfunctions.random.code.tex)
(C:\Users\janne.pitkaniemi\AppData\Roaming\MiKTeX\2.9\tex\generic\pgf\math\pgfm
athfunctions.comparison.code.tex)
(C:\Users\janne.pitkaniemi\AppData\Roaming\MiKTeX\2.9\tex\generic\pgf\math\pgfm
athfunctions.base.code.tex)
(C:\Users\janne.pitkaniemi\AppData\Roaming\MiKTeX\2.9\tex\generic\pgf\math\pgfm
athfunctions.round.code.tex)
(C:\Users\janne.pitkaniemi\AppData\Roaming\MiKTeX\2.9\tex\generic\pgf\math\pgfm
athfunctions.misc.code.tex)
(C:\Users\janne.pitkaniemi\AppData\Roaming\MiKTeX\2.9\tex\generic\pgf\math\pgfm
athfunctions.integerarithmetics.code.tex)))
(C:\Users\janne.pitkaniemi\AppData\Roaming\MiKTeX\2.9\tex\generic\pgf\math\pgfm
athfloat.code.tex
\c@pgfmathroundto@lastzeros=\count113
))
(C:\Users\janne.pitkaniemi\AppData\Roaming\MiKTeX\2.9\tex\generic\pgf\basiclaye
r\pgfcorepoints.code.tex
File: pgfcorepoints.code.tex 2013/10/07  (rcs-revision 1.27)
\pgf@picminx=\dimen140
\pgf@picmaxx=\dimen141
\pgf@picminy=\dimen142
\pgf@picmaxy=\dimen143
\pgf@pathminx=\dimen144
\pgf@pathmaxx=\dimen145
\pgf@pathminy=\dimen146
\pgf@pathmaxy=\dimen147
\pgf@xx=\dimen148
\pgf@xy=\dimen149
\pgf@yx=\dimen150
\pgf@yy=\dimen151
\pgf@zx=\dimen152
\pgf@zy=\dimen153
)
(C:\Users\janne.pitkaniemi\AppData\Roaming\MiKTeX\2.9\tex\generic\pgf\basiclaye
r\pgfcorepathconstruct.code.tex
File: pgfcorepathconstruct.code.tex 2013/10/07  (rcs-revision 1.29)
\pgf@path@lastx=\dimen154
\pgf@path@lasty=\dimen155
)
(C:\Users\janne.pitkaniemi\AppData\Roaming\MiKTeX\2.9\tex\generic\pgf\basiclaye
r\pgfcorepathusage.code.tex
File: pgfcorepathusage.code.tex 2013/12/13  (rcs-revision 1.23)
\pgf@shorten@end@additional=\dimen156
\pgf@shorten@start@additional=\dimen157
)
(C:\Users\janne.pitkaniemi\AppData\Roaming\MiKTeX\2.9\tex\generic\pgf\basiclaye
r\pgfcorescopes.code.tex
File: pgfcorescopes.code.tex 2013/10/09  (rcs-revision 1.44)
\pgfpic=\box36
\pgf@hbox=\box37
\pgf@layerbox@main=\box38
\pgf@picture@serial@count=\count114
)
(C:\Users\janne.pitkaniemi\AppData\Roaming\MiKTeX\2.9\tex\generic\pgf\basiclaye
r\pgfcoregraphicstate.code.tex
File: pgfcoregraphicstate.code.tex 2013/09/19  (rcs-revision 1.11)
\pgflinewidth=\dimen158
)
(C:\Users\janne.pitkaniemi\AppData\Roaming\MiKTeX\2.9\tex\generic\pgf\basiclaye
r\pgfcoretransformations.code.tex
File: pgfcoretransformations.code.tex 2013/10/10  (rcs-revision 1.17)
\pgf@pt@x=\dimen159
\pgf@pt@y=\dimen160
\pgf@pt@temp=\dimen161
)
(C:\Users\janne.pitkaniemi\AppData\Roaming\MiKTeX\2.9\tex\generic\pgf\basiclaye
r\pgfcorequick.code.tex
File: pgfcorequick.code.tex 2008/10/09  (rcs-revision 1.3)
)
(C:\Users\janne.pitkaniemi\AppData\Roaming\MiKTeX\2.9\tex\generic\pgf\basiclaye
r\pgfcoreobjects.code.tex
File: pgfcoreobjects.code.tex 2006/10/11  (rcs-revision 1.2)
)
(C:\Users\janne.pitkaniemi\AppData\Roaming\MiKTeX\2.9\tex\generic\pgf\basiclaye
r\pgfcorepathprocessing.code.tex
File: pgfcorepathprocessing.code.tex 2013/09/09  (rcs-revision 1.9)
)
(C:\Users\janne.pitkaniemi\AppData\Roaming\MiKTeX\2.9\tex\generic\pgf\basiclaye
r\pgfcorearrows.code.tex
File: pgfcorearrows.code.tex 2013/11/07  (rcs-revision 1.40)
\pgfarrowsep=\dimen162
)
(C:\Users\janne.pitkaniemi\AppData\Roaming\MiKTeX\2.9\tex\generic\pgf\basiclaye
r\pgfcoreshade.code.tex
File: pgfcoreshade.code.tex 2013/07/15  (rcs-revision 1.15)
\pgf@max=\dimen163
\pgf@sys@shading@range@num=\count115
)
(C:\Users\janne.pitkaniemi\AppData\Roaming\MiKTeX\2.9\tex\generic\pgf\basiclaye
r\pgfcoreimage.code.tex
File: pgfcoreimage.code.tex 2013/07/15  (rcs-revision 1.18)

(C:\Users\janne.pitkaniemi\AppData\Roaming\MiKTeX\2.9\tex\generic\pgf\basiclaye
r\pgfcoreexternal.code.tex
File: pgfcoreexternal.code.tex 2013/07/15  (rcs-revision 1.20)
\pgfexternal@startupbox=\box39
))
(C:\Users\janne.pitkaniemi\AppData\Roaming\MiKTeX\2.9\tex\generic\pgf\basiclaye
r\pgfcorelayers.code.tex
File: pgfcorelayers.code.tex 2013/07/18  (rcs-revision 1.7)
)
(C:\Users\janne.pitkaniemi\AppData\Roaming\MiKTeX\2.9\tex\generic\pgf\basiclaye
r\pgfcoretransparency.code.tex
File: pgfcoretransparency.code.tex 2013/09/30  (rcs-revision 1.5)
)
(C:\Users\janne.pitkaniemi\AppData\Roaming\MiKTeX\2.9\tex\generic\pgf\basiclaye
r\pgfcorepatterns.code.tex
File: pgfcorepatterns.code.tex 2013/11/07  (rcs-revision 1.5)
)))
(C:\Users\janne.pitkaniemi\AppData\Roaming\MiKTeX\2.9\tex\latex\pgf\utilities\x
xcolor.sty
Package: xxcolor 2003/10/24 ver 0.1
\XC@nummixins=\count116
\XC@countmixins=\count117
)
("C:\Program Files (x86)\MiKTeX 2.9\tex\generic\oberdiek\atbegshi.sty"
Package: atbegshi 2011/10/05 v1.16 At begin shipout hook (HO)
)
("C:\Program Files (x86)\MiKTeX 2.9\tex\latex\hyperref\hyperref.sty"
Package: hyperref 2012/11/06 v6.83m Hypertext links for LaTeX

("C:\Program Files (x86)\MiKTeX 2.9\tex\generic\oberdiek\hobsub-hyperref.sty"
Package: hobsub-hyperref 2012/04/25 v1.12 Bundle oberdiek, subset hyperref (HO)


("C:\Program Files (x86)\MiKTeX 2.9\tex\generic\oberdiek\hobsub-generic.sty"
Package: hobsub-generic 2012/04/25 v1.12 Bundle oberdiek, subset generic (HO)
Package: hobsub 2012/04/25 v1.12 Construct package bundles (HO)
Package hobsub Info: Skipping package `infwarerr' (already loaded).
Package hobsub Info: Skipping package `ltxcmds' (already loaded).
Package: ifluatex 2010/03/01 v1.3 Provides the ifluatex switch (HO)
Package ifluatex Info: LuaTeX not detected.
Package hobsub Info: Skipping package `ifvtex' (already loaded).
Package: intcalc 2007/09/27 v1.1 Expandable calculations with integers (HO)
Package hobsub Info: Skipping package `ifpdf' (already loaded).
Package: etexcmds 2011/02/16 v1.5 Avoid name clashes with e-TeX commands (HO)
Package etexcmds Info: Could not find \expanded.
(etexcmds)             That can mean that you are not using pdfTeX 1.50 or
(etexcmds)             that some package has redefined \expanded.
(etexcmds)             In the latter case, load this package earlier.
Package: kvsetkeys 2012/04/25 v1.16 Key value parser (HO)
Package: kvdefinekeys 2011/04/07 v1.3 Define keys (HO)
Package: pdftexcmds 2011/11/29 v0.20 Utility functions of pdfTeX for LuaTeX (HO
)
Package pdftexcmds Info: LuaTeX not detected.
Package pdftexcmds Info: \pdf@primitive is available.
Package pdftexcmds Info: \pdf@ifprimitive is available.
Package pdftexcmds Info: \pdfdraftmode found.
Package: pdfescape 2011/11/25 v1.13 Implements pdfTeX's escape features (HO)
Package: bigintcalc 2012/04/08 v1.3 Expandable calculations on big integers (HO
)
Package: bitset 2011/01/30 v1.1 Handle bit-vector datatype (HO)
Package: uniquecounter 2011/01/30 v1.2 Provide unlimited unique counter (HO)
)
Package hobsub Info: Skipping package `hobsub' (already loaded).
Package: letltxmacro 2010/09/02 v1.4 Let assignment for LaTeX macros (HO)
Package: hopatch 2011/06/24 v1.1 Wrapper for package hooks (HO)
Package: xcolor-patch 2011/01/30 xcolor patch
Package: atveryend 2011/06/30 v1.8 Hooks at the very end of document (HO)
Package atveryend Info: \enddocument detected (standard20110627).
Package hobsub Info: Skipping package `atbegshi' (already loaded).
Package: refcount 2011/10/16 v3.4 Data extraction from label references (HO)
Package: hycolor 2011/01/30 v1.7 Color options for hyperref/bookmark (HO)
)
("C:\Program Files (x86)\MiKTeX 2.9\tex\latex\oberdiek\auxhook.sty"
Package: auxhook 2011/03/04 v1.3 Hooks for auxiliary files (HO)
)
("C:\Program Files (x86)\MiKTeX 2.9\tex\latex\oberdiek\kvoptions.sty"
Package: kvoptions 2011/06/30 v3.11 Key value format for package options (HO)
)
\@linkdim=\dimen164
\Hy@linkcounter=\count118
\Hy@pagecounter=\count119

("C:\Program Files (x86)\MiKTeX 2.9\tex\latex\hyperref\pd1enc.def"
File: pd1enc.def 2012/11/06 v6.83m Hyperref: PDFDocEncoding definition (HO)
)
\Hy@SavedSpaceFactor=\count120

("C:\Program Files (x86)\MiKTeX 2.9\tex\latex\00miktex\hyperref.cfg"
File: hyperref.cfg 2002/06/06 v1.2 hyperref configuration of TeXLive
)
Package hyperref Info: Option `bookmarks' set `true' on input line 4319.
Package hyperref Info: Option `bookmarksopen' set `true' on input line 4319.
Package hyperref Info: Option `implicit' set `false' on input line 4319.
Package hyperref Info: Hyper figures OFF on input line 4443.
Package hyperref Info: Link nesting OFF on input line 4448.
Package hyperref Info: Hyper index ON on input line 4451.
Package hyperref Info: Plain pages OFF on input line 4458.
Package hyperref Info: Backreferencing OFF on input line 4463.
Package hyperref Info: Implicit mode OFF; no redefinition of LaTeX internals.
Package hyperref Info: Bookmarks ON on input line 4688.
\c@Hy@tempcnt=\count121

(C:\Users\janne.pitkaniemi\AppData\Roaming\MiKTeX\2.9\tex\latex\url\url.sty
\Urlmuskip=\muskip10
Package: url 2013/09/16  ver 3.4  Verb mode for urls, etc.
)
LaTeX Info: Redefining \url on input line 5041.
\XeTeXLinkMargin=\dimen165
\Fld@menulength=\count122
\Field@Width=\dimen166
\Fld@charsize=\dimen167
Package hyperref Info: Hyper figures OFF on input line 6295.
Package hyperref Info: Link nesting OFF on input line 6300.
Package hyperref Info: Hyper index ON on input line 6303.
Package hyperref Info: backreferencing OFF on input line 6310.
Package hyperref Info: Link coloring OFF on input line 6315.
Package hyperref Info: Link coloring with OCG OFF on input line 6320.
Package hyperref Info: PDF/A mode OFF on input line 6325.
LaTeX Info: Redefining \ref on input line 6365.
LaTeX Info: Redefining \pageref on input line 6369.
\Hy@abspage=\count123


Package hyperref Message: Stopped early.

)

Package hyperref Message: Driver (autodetected): hpdftex.

("C:\Program Files (x86)\MiKTeX 2.9\tex\latex\hyperref\hpdftex.def"
File: hpdftex.def 2012/11/06 v6.83m Hyperref driver for pdfTeX
\Fld@listcount=\count124
\c@bookmark@seq@number=\count125

("C:\Program Files (x86)\MiKTeX 2.9\tex\latex\oberdiek\rerunfilecheck.sty"
Package: rerunfilecheck 2011/04/15 v1.7 Rerun checks for auxiliary files (HO)
Package uniquecounter Info: New unique counter `rerunfilecheck' on input line 2
82.
))
(C:\Users\janne.pitkaniemi\AppData\Roaming\MiKTeX\2.9\tex\latex\beamer\base\bea
merbaserequires.sty
Package: beamerbaserequires 2010/05/01  (rcs-revision efa082c6111d)

(C:\Users\janne.pitkaniemi\AppData\Roaming\MiKTeX\2.9\tex\latex\beamer\base\bea
merbasecompatibility.sty
Package: beamerbasecompatibility 2012/05/01  (rcs-revision 67c48b3b652d)
)
(C:\Users\janne.pitkaniemi\AppData\Roaming\MiKTeX\2.9\tex\latex\beamer\base\bea
merbasefont.sty
Package: beamerbasefont 2015/01/05  (rcs-revision b4b4bee242e2)

("C:\Program Files (x86)\MiKTeX 2.9\tex\latex\amsfonts\amssymb.sty"
Package: amssymb 2013/01/14 v3.01 AMS font symbols

("C:\Program Files (x86)\MiKTeX 2.9\tex\latex\amsfonts\amsfonts.sty"
Package: amsfonts 2013/01/14 v3.01 Basic AMSFonts support
\@emptytoks=\toks26
\symAMSa=\mathgroup4
\symAMSb=\mathgroup5
LaTeX Font Info:    Overwriting math alphabet `\mathfrak' in version `bold'
(Font)                  U/euf/m/n --> U/euf/b/n on input line 106.
))
(C:\Users\janne.pitkaniemi\AppData\Roaming\MiKTeX\2.9\tex\latex\sansmathaccent\
sansmathaccent.sty
Package: sansmathaccent 2013/03/28

(C:\Users\janne.pitkaniemi\AppData\Roaming\MiKTeX\2.9\tex\latex\filehook\fileho
ok.sty
Package: filehook 2011/10/12 v0.5d Hooks for input files
)))
(C:\Users\janne.pitkaniemi\AppData\Roaming\MiKTeX\2.9\tex\latex\beamer\base\bea
merbasetranslator.sty
Package: beamerbasetranslator 2010/06/11  (rcs-revision 85fd1cc7fc42)

(C:\Users\janne.pitkaniemi\AppData\Roaming\MiKTeX\2.9\tex\latex\beamer\base\tra
nslator\translator.sty
Package: translator 2010/06/12 ver 1.10

(C:\Users\janne.pitkaniemi\AppData\Roaming\MiKTeX\2.9\tex\latex\beamer\base\tra
nslator\translator-language-mappings.tex)))
(C:\Users\janne.pitkaniemi\AppData\Roaming\MiKTeX\2.9\tex\latex\beamer\base\bea
merbasemisc.sty
Package: beamerbasemisc 2013/09/03  (rcs-revision a55719c41d85)
)
(C:\Users\janne.pitkaniemi\AppData\Roaming\MiKTeX\2.9\tex\latex\beamer\base\bea
merbasetwoscreens.sty
Package: beamerbasetwoscreens 2010/05/01  (rcs-revision efa082c6111d)
)
(C:\Users\janne.pitkaniemi\AppData\Roaming\MiKTeX\2.9\tex\latex\beamer\base\bea
merbaseoverlay.sty
Package: beamerbaseoverlay 2013/12/25  (rcs-revision f6bd5e3805da)
\beamer@argscount=\count126
\beamer@lastskipcover=\skip44
\beamer@trivlistdepth=\count127
)
(C:\Users\janne.pitkaniemi\AppData\Roaming\MiKTeX\2.9\tex\latex\beamer\base\bea
merbasetitle.sty
Package: beamerbasetitle 2010/09/21  (rcs-revision f0446ed0b6ae)
)
(C:\Users\janne.pitkaniemi\AppData\Roaming\MiKTeX\2.9\tex\latex\beamer\base\bea
merbasesection.sty
Package: beamerbasesection 2013/06/07  (rcs-revision 60b9fe0f342f)
\c@lecture=\count128
\c@part=\count129
\c@section=\count130
\c@subsection=\count131
\c@subsubsection=\count132
)
(C:\Users\janne.pitkaniemi\AppData\Roaming\MiKTeX\2.9\tex\latex\beamer\base\bea
merbaseframe.sty
Package: beamerbaseframe 2014/02/20  (rcs-revision 4b8ceeeff434)
\beamer@framebox=\box40
\beamer@frametitlebox=\box41
\beamer@zoombox=\box42
\beamer@zoomcount=\count133
\beamer@zoomframecount=\count134
\beamer@frametextheight=\dimen168
\c@subsectionslide=\count135
\beamer@frametopskip=\skip45
\beamer@framebottomskip=\skip46
\beamer@frametopskipautobreak=\skip47
\beamer@framebottomskipautobreak=\skip48
\beamer@envbody=\toks27
\framewidth=\dimen169
\c@framenumber=\count136
)
(C:\Users\janne.pitkaniemi\AppData\Roaming\MiKTeX\2.9\tex\latex\beamer\base\bea
merbaseverbatim.sty
Package: beamerbaseverbatim 2015/01/05  (rcs-revision 431510bb5890)
\beamer@verbatimfileout=\write4
)
(C:\Users\janne.pitkaniemi\AppData\Roaming\MiKTeX\2.9\tex\latex\beamer\base\bea
merbaseframesize.sty
Package: beamerbaseframesize 2011/09/12  (rcs-revision 70f9d8411e54)
\beamer@splitbox=\box43
\beamer@autobreakcount=\count137
\beamer@autobreaklastheight=\dimen170
\beamer@frametitletoks=\toks28
\beamer@framesubtitletoks=\toks29
)
(C:\Users\janne.pitkaniemi\AppData\Roaming\MiKTeX\2.9\tex\latex\beamer\base\bea
merbaseframecomponents.sty
Package: beamerbaseframecomponents 2013/10/18  (rcs-revision 5cf6c5555a45)
\beamer@footins=\box44
)
(C:\Users\janne.pitkaniemi\AppData\Roaming\MiKTeX\2.9\tex\latex\beamer\base\bea
merbasecolor.sty
Package: beamerbasecolor 2015/02/21  (rcs-revision d944b04ee2d5)
)
(C:\Users\janne.pitkaniemi\AppData\Roaming\MiKTeX\2.9\tex\latex\beamer\base\bea
merbasenotes.sty
Package: beamerbasenotes 2012/12/19  (rcs-revision 1686da3db3c9)
\beamer@frameboxcopy=\box45
)
(C:\Users\janne.pitkaniemi\AppData\Roaming\MiKTeX\2.9\tex\latex\beamer\base\bea
merbasetoc.sty
Package: beamerbasetoc 2015/03/08  (rcs-revision 7270298bbaae)
)
(C:\Users\janne.pitkaniemi\AppData\Roaming\MiKTeX\2.9\tex\latex\beamer\base\bea
merbasetemplates.sty
Package: beamerbasetemplates 2010/05/01  (rcs-revision efa082c6111d)
\beamer@sbttoks=\toks30

(C:\Users\janne.pitkaniemi\AppData\Roaming\MiKTeX\2.9\tex\latex\beamer\base\bea
merbaseauxtemplates.sty
Package: beamerbaseauxtemplates 2014/06/30  (rcs-revision 580088513a67)

(C:\Users\janne.pitkaniemi\AppData\Roaming\MiKTeX\2.9\tex\latex\beamer\base\bea
merbaseboxes.sty
Package: beamerbaseboxes 2012/05/13  (rcs-revision 56972908a390)
\bmb@box=\box46
\bmb@colorbox=\box47
\bmb@boxshadow=\box48
\bmb@boxshadowball=\box49
\bmb@boxshadowballlarge=\box50
\bmb@temp=\dimen171
\bmb@dima=\dimen172
\bmb@dimb=\dimen173
\bmb@prevheight=\dimen174
)
\beamer@blockheadheight=\dimen175
))
(C:\Users\janne.pitkaniemi\AppData\Roaming\MiKTeX\2.9\tex\latex\beamer\base\bea
merbaselocalstructure.sty
Package: beamerbaselocalstructure 2014/09/10  (rcs-revision 393f6dcff371)

("C:\Program Files (x86)\MiKTeX 2.9\tex\latex\tools\enumerate.sty"
Package: enumerate 1999/03/05 v3.00 enumerate extensions (DPC)
\@enLab=\toks31
)
\c@figure=\count138
\c@table=\count139
\abovecaptionskip=\skip49
\belowcaptionskip=\skip50
)
(C:\Users\janne.pitkaniemi\AppData\Roaming\MiKTeX\2.9\tex\latex\beamer\base\bea
merbasenavigation.sty
Package: beamerbasenavigation 2015/02/27  (rcs-revision 923f4bf87efa)
\beamer@section@min@dim=\dimen176
)
(C:\Users\janne.pitkaniemi\AppData\Roaming\MiKTeX\2.9\tex\latex\beamer\base\bea
merbasetheorems.sty
Package: beamerbasetheorems 2010/06/06  (rcs-revision 7e7cc5e53e9d)

("C:\Program Files (x86)\MiKTeX 2.9\tex\latex\amsmath\amsmath.sty"
Package: amsmath 2013/01/14 v2.14 AMS math features
\@mathmargin=\skip51

For additional information on amsmath, use the `?' option.
("C:\Program Files (x86)\MiKTeX 2.9\tex\latex\amsmath\amstext.sty"
Package: amstext 2000/06/29 v2.01

("C:\Program Files (x86)\MiKTeX 2.9\tex\latex\amsmath\amsgen.sty"
File: amsgen.sty 1999/11/30 v2.0
\@emptytoks=\toks32
\ex@=\dimen177
))
("C:\Program Files (x86)\MiKTeX 2.9\tex\latex\amsmath\amsbsy.sty"
Package: amsbsy 1999/11/29 v1.2d
\pmbraise@=\dimen178
)
("C:\Program Files (x86)\MiKTeX 2.9\tex\latex\amsmath\amsopn.sty"
Package: amsopn 1999/12/14 v2.01 operator names
)
\inf@bad=\count140
LaTeX Info: Redefining \frac on input line 210.
\uproot@=\count141
\leftroot@=\count142
LaTeX Info: Redefining \overline on input line 306.
\classnum@=\count143
\DOTSCASE@=\count144
LaTeX Info: Redefining \ldots on input line 378.
LaTeX Info: Redefining \dots on input line 381.
LaTeX Info: Redefining \cdots on input line 466.
\Mathstrutbox@=\box51
\strutbox@=\box52
\big@size=\dimen179
LaTeX Font Info:    Redeclaring font encoding OML on input line 566.
LaTeX Font Info:    Redeclaring font encoding OMS on input line 567.
\macc@depth=\count145
\c@MaxMatrixCols=\count146
\dotsspace@=\muskip11
\c@parentequation=\count147
\dspbrk@lvl=\count148
\tag@help=\toks33
\row@=\count149
\column@=\count150
\maxfields@=\count151
\andhelp@=\toks34
\eqnshift@=\dimen180
\alignsep@=\dimen181
\tagshift@=\dimen182
\tagwidth@=\dimen183
\totwidth@=\dimen184
\lineht@=\dimen185
\@envbody=\toks35
\multlinegap=\skip52
\multlinetaggap=\skip53
\mathdisplay@stack=\toks36
LaTeX Info: Redefining \[ on input line 2665.
LaTeX Info: Redefining \] on input line 2666.
)
("C:\Program Files (x86)\MiKTeX 2.9\tex\latex\amscls\amsthm.sty"
Package: amsthm 2004/08/06 v2.20
\thm@style=\toks37
\thm@bodyfont=\toks38
\thm@headfont=\toks39
\thm@notefont=\toks40
\thm@headpunct=\toks41
\thm@preskip=\skip54
\thm@postskip=\skip55
\thm@headsep=\skip56
\dth@everypar=\toks42
)
\c@theorem=\count152
)
(C:\Users\janne.pitkaniemi\AppData\Roaming\MiKTeX\2.9\tex\latex\beamer\base\bea
merbasethemes.sty
Package: beamerbasethemes 2010/05/01  (rcs-revision efa082c6111d)
))
(C:\Users\janne.pitkaniemi\AppData\Roaming\MiKTeX\2.9\tex\latex\beamer\base\the
mes\theme\beamerthemedefault.sty
Package: beamerthemedefault 2010/06/17  (rcs-revision d02a7cf4d8ae)

(C:\Users\janne.pitkaniemi\AppData\Roaming\MiKTeX\2.9\tex\latex\beamer\base\the
mes\font\beamerfontthemedefault.sty
Package: beamerfontthemedefault 2012/12/19  (rcs-revision 1686da3db3c9)
)
(C:\Users\janne.pitkaniemi\AppData\Roaming\MiKTeX\2.9\tex\latex\beamer\base\the
mes\color\beamercolorthemedefault.sty
Package: beamercolorthemedefault 2012/12/19  (rcs-revision 1686da3db3c9)
)
(C:\Users\janne.pitkaniemi\AppData\Roaming\MiKTeX\2.9\tex\latex\beamer\base\the
mes\inner\beamerinnerthemedefault.sty
Package: beamerinnerthemedefault 2014/06/30  (rcs-revision 580088513a67)
\beamer@dima=\dimen186
\beamer@dimb=\dimen187
)
(C:\Users\janne.pitkaniemi\AppData\Roaming\MiKTeX\2.9\tex\latex\beamer\base\the
mes\outer\beamerouterthemedefault.sty
Package: beamerouterthemedefault 2012/12/19  (rcs-revision 1686da3db3c9)
)))
("C:\Program Files (x86)\MiKTeX 2.9\tex\latex\base\inputenc.sty"
Package: inputenc 2008/03/30 v1.1d Input encoding file
\inpenc@prehook=\toks43
\inpenc@posthook=\toks44

("C:\Program Files (x86)\MiKTeX 2.9\tex\latex\base\latin1.def"
File: latin1.def 2008/03/30 v1.1d Input encoding file
))
("C:\Program Files (x86)\MiKTeX 2.9\tex\generic\babel\babel.sty"
Package: babel 2008/07/08 v3.8m The Babel package

*************************************
* Local config file bblopts.cfg used
*
("C:\Program Files (x86)\MiKTeX 2.9\tex\latex\00miktex\bblopts.cfg"
File: bblopts.cfg 2006/07/31 v1.0 MiKTeX 'babel' configuration
)
("C:\Program Files (x86)\MiKTeX 2.9\tex\generic\babel\english.ldf"
Language: english 2005/03/30 v3.3o English support from the babel system

("C:\Program Files (x86)\MiKTeX 2.9\tex\generic\babel\babel.def"
File: babel.def 2008/07/08 v3.8m Babel common definitions
LaTeX Info: Redefining \textlatin on input line 82.
\babel@savecnt=\count153
\U@D=\dimen188
)
\l@canadian = a dialect from \language\l@american 
\l@australian = a dialect from \language\l@british 
\l@newzealand = a dialect from \language\l@british 
))
(C:\Users\janne.pitkaniemi\AppData\Roaming\MiKTeX\2.9\tex\latex\rotating\rotati
ng.sty
Package: rotating 2009/03/28 v2.16a rotated objects in LaTeX
 ("C:\Program Files (x86)\MiKTeX 2.9\tex\latex\base\ifthen.sty"
Package: ifthen 2001/05/26 v1.1c Standard LaTeX ifthen package (DPC)
)
\c@r@tfl@t=\count154
\rotFPtop=\skip57
\rotFPbot=\skip58
\rot@float@box=\box53
\rot@mess@toks=\toks45
)
(C:\Users\janne.pitkaniemi\AppData\Roaming\MiKTeX\2.9\tex\latex\booktabs\bookta
bs.sty
Package: booktabs 2005/04/14 v1.61803 publication quality tables
\heavyrulewidth=\dimen189
\lightrulewidth=\dimen190
\cmidrulewidth=\dimen191
\belowrulesep=\dimen192
\belowbottomsep=\dimen193
\aboverulesep=\dimen194
\abovetopsep=\dimen195
\cmidrulesep=\dimen196
\cmidrulekern=\dimen197
\defaultaddspace=\dimen198
\@cmidla=\count155
\@cmidlb=\count156
\@aboverulesep=\dimen199
\@belowrulesep=\dimen200
\@thisruleclass=\count157
\@lastruleclass=\count158
\@thisrulewidth=\dimen201
) ("C:\Program Files (x86)\MiKTeX 2.9\tex\latex\tools\verbatim.sty"
Package: verbatim 2003/08/22 v1.5q LaTeX2e package for verbatim enhancements
\every@verbatim=\toks46
\verbatim@line=\toks47
\verbatim@in@stream=\read2
)
("C:\Program Files (x86)\MiKTeX 2.9\tex\latex\graphics\epsfig.sty"
Package: epsfig 1999/02/16 v1.7a (e)psfig emulation (SPQR)
\epsfxsize=\dimen202
\epsfysize=\dimen203
)
("C:\Program Files (x86)\MiKTeX 2.9\tex\latex\base\graphpap.sty"
Package: graphpap 1994/08/09 v1.0c Standard LaTeX graphpap package (LL)
)
("C:\Program Files (x86)\MiKTeX 2.9\tex\latex\caption\caption.sty"
Package: caption 2013/05/02 v3.3-89 Customizing captions (AR)

("C:\Program Files (x86)\MiKTeX 2.9\tex\latex\caption\caption3.sty"
Package: caption3 2013/05/02 v1.6-88 caption3 kernel (AR)
Package caption3 Info: TeX engine: e-TeX on input line 57.
\captionmargin=\dimen204
\captionmargin@=\dimen205
\captionwidth=\dimen206
\caption@tempdima=\dimen207
\caption@indent=\dimen208
\caption@parindent=\dimen209
\caption@hangindent=\dimen210
)
\c@ContinuedFloat=\count159
Package caption Info: beamer document class.
Package caption Info: hyperref package is loaded.
Package caption Info: Hyperref support is turned off
(caption)             because hyperref has stopped early.
Package caption Info: rotating package is loaded.
)
("C:\Program Files (x86)\MiKTeX 2.9\tex\latex\tools\multicol.sty"
Package: multicol 2011/06/27 v1.7a multicolumn formatting (FMi)
\c@tracingmulticols=\count160
\mult@box=\box54
\multicol@leftmargin=\dimen211
\c@unbalance=\count161
\c@collectmore=\count162
\doublecol@number=\count163
\multicoltolerance=\count164
\multicolpretolerance=\count165
\full@width=\dimen212
\page@free=\dimen213
\premulticols=\dimen214
\postmulticols=\dimen215
\multicolsep=\skip59
\multicolbaselineskip=\skip60
\partial@page=\box55
\last@line=\box56
\mult@rightbox=\box57
\mult@grightbox=\box58
\mult@gfirstbox=\box59
\mult@firstbox=\box60
\@tempa=\box61
\@tempa=\box62
\@tempa=\box63
\@tempa=\box64
\@tempa=\box65
\@tempa=\box66
\@tempa=\box67
\@tempa=\box68
\@tempa=\box69
\@tempa=\box70
\@tempa=\box71
\@tempa=\box72
\@tempa=\box73
\@tempa=\box74
\@tempa=\box75
\@tempa=\box76
\@tempa=\box77
\c@columnbadness=\count166
\c@finalcolumnbadness=\count167
\last@try=\dimen216
\multicolovershoot=\dimen217
\multicolundershoot=\dimen218
\mult@nat@firstbox=\box78
\colbreak@box=\box79
\multicol@sort@counter=\count168
)
(C:\Users\janne.pitkaniemi\Projects\TRE2018\usefulesa.tex)

Package hyperref Warning: Token not allowed in a PDF string (PDFDocEncoding):
(hyperref)                removing `\\' on input line 128.

(C:\Users\janne.pitkaniemi\Projects\TRE2018\EpiR-Tampere2018-lect7.aux)
LaTeX Font Info:    Checking defaults for OML/cmm/m/it on input line 151.
LaTeX Font Info:    ... okay on input line 151.
LaTeX Font Info:    Checking defaults for T1/cmr/m/n on input line 151.
LaTeX Font Info:    ... okay on input line 151.
LaTeX Font Info:    Checking defaults for OT1/cmr/m/n on input line 151.
LaTeX Font Info:    ... okay on input line 151.
LaTeX Font Info:    Checking defaults for OMS/cmsy/m/n on input line 151.
LaTeX Font Info:    ... okay on input line 151.
LaTeX Font Info:    Checking defaults for OMX/cmex/m/n on input line 151.
LaTeX Font Info:    ... okay on input line 151.
LaTeX Font Info:    Checking defaults for U/cmr/m/n on input line 151.
LaTeX Font Info:    ... okay on input line 151.
LaTeX Font Info:    Checking defaults for PD1/pdf/m/n on input line 151.
LaTeX Font Info:    ... okay on input line 151.

*geometry* driver: auto-detecting
*geometry* detected driver: pdftex
*geometry* verbose mode - [ preamble ] result:
* driver: pdftex
* paper: custom
* layout: <same size as paper>
* layoutoffset:(h,v)=(0.0pt,0.0pt)
* modes: includehead includefoot 
* h-part:(L,W,R)=(28.45274pt, 307.28987pt, 28.45274pt)
* v-part:(T,H,B)=(0.0pt, 273.14662pt, 0.0pt)
* \paperwidth=364.19536pt
* \paperheight=273.14662pt
* \textwidth=307.28987pt
* \textheight=244.6939pt
* \oddsidemargin=-43.81725pt
* \evensidemargin=-43.81725pt
* \topmargin=-72.26999pt
* \headheight=14.22636pt
* \headsep=0.0pt
* \topskip=12.0pt
* \footskip=14.22636pt
* \marginparwidth=4.0pt
* \marginparsep=10.0pt
* \columnsep=10.0pt
* \skip\footins=10.8pt plus 4.0pt minus 2.0pt
* \hoffset=0.0pt
* \voffset=0.0pt
* \mag=1000
* \@twocolumnfalse
* \@twosidefalse
* \@mparswitchfalse
* \@reversemarginfalse
* (1in=72.27pt=25.4mm, 1cm=28.453pt)

("C:\Program Files (x86)\MiKTeX 2.9\tex\context\base\supp-pdf.mkii"
[Loading MPS to PDF converter (version 2006.09.02).]
\scratchcounter=\count169
\scratchdimen=\dimen219
\scratchbox=\box80
\nofMPsegments=\count170
\nofMParguments=\count171
\everyMPshowfont=\toks48
\MPscratchCnt=\count172
\MPscratchDim=\dimen220
\MPnumerator=\count173
\makeMPintoPDFobject=\count174
\everyMPtoPDFconversion=\toks49
) ABD: EveryShipout initializing macros
\AtBeginShipoutBox=\box81
Package hyperref Info: Link coloring OFF on input line 151.

("C:\Program Files (x86)\MiKTeX 2.9\tex\latex\hyperref\nameref.sty"
Package: nameref 2012/10/27 v2.43 Cross-referencing by name of section

("C:\Program Files (x86)\MiKTeX 2.9\tex\generic\oberdiek\gettitlestring.sty"
Package: gettitlestring 2010/12/03 v1.4 Cleanup title references (HO)
)
\c@section@level=\count175
)
LaTeX Info: Redefining \ref on input line 151.
LaTeX Info: Redefining \pageref on input line 151.
LaTeX Info: Redefining \nameref on input line 151.

(C:\Users\janne.pitkaniemi\Projects\TRE2018\EpiR-Tampere2018-lect7.out)
(C:\Users\janne.pitkaniemi\Projects\TRE2018\EpiR-Tampere2018-lect7.out)
\@outlinefile=\write5
LaTeX Font Info:    Overwriting symbol font `operators' in version `normal'
(Font)                  OT1/cmr/m/n --> OT1/cmss/m/n on input line 151.
LaTeX Font Info:    Overwriting symbol font `operators' in version `bold'
(Font)                  OT1/cmr/bx/n --> OT1/cmss/bx/n on input line 151.
\symnumbers=\mathgroup6
\sympureletters=\mathgroup7
LaTeX Font Info:    Overwriting math alphabet `\mathrm' in version `normal'
(Font)                  OT1/cmss/m/n --> OT1/cmr/m/n on input line 151.
LaTeX Font Info:    Redeclaring math alphabet \mathbf on input line 151.
LaTeX Font Info:    Overwriting math alphabet `\mathbf' in version `normal'
(Font)                  OT1/cmr/bx/n --> OT1/cmss/bx/n on input line 151.
LaTeX Font Info:    Overwriting math alphabet `\mathbf' in version `bold'
(Font)                  OT1/cmr/bx/n --> OT1/cmss/bx/n on input line 151.
LaTeX Font Info:    Redeclaring math alphabet \mathsf on input line 151.
LaTeX Font Info:    Overwriting math alphabet `\mathsf' in version `normal'
(Font)                  OT1/cmss/m/n --> OT1/cmss/m/n on input line 151.
LaTeX Font Info:    Overwriting math alphabet `\mathsf' in version `bold'
(Font)                  OT1/cmss/bx/n --> OT1/cmss/m/n on input line 151.
LaTeX Font Info:    Redeclaring math alphabet \mathit on input line 151.
LaTeX Font Info:    Overwriting math alphabet `\mathit' in version `normal'
(Font)                  OT1/cmr/m/it --> OT1/cmss/m/it on input line 151.
LaTeX Font Info:    Overwriting math alphabet `\mathit' in version `bold'
(Font)                  OT1/cmr/bx/it --> OT1/cmss/m/it on input line 151.
LaTeX Font Info:    Redeclaring math alphabet \mathtt on input line 151.
LaTeX Font Info:    Overwriting math alphabet `\mathtt' in version `normal'
(Font)                  OT1/cmtt/m/n --> OT1/cmtt/m/n on input line 151.
LaTeX Font Info:    Overwriting math alphabet `\mathtt' in version `bold'
(Font)                  OT1/cmtt/m/n --> OT1/cmtt/m/n on input line 151.
LaTeX Font Info:    Overwriting symbol font `numbers' in version `bold'
(Font)                  OT1/cmss/m/n --> OT1/cmss/bx/n on input line 151.
LaTeX Font Info:    Overwriting symbol font `pureletters' in version `bold'
(Font)                  OT1/cmss/m/it --> OT1/cmss/bx/it on input line 151.
LaTeX Font Info:    Overwriting math alphabet `\mathrm' in version `bold'
(Font)                  OT1/cmss/bx/n --> OT1/cmr/bx/n on input line 151.
LaTeX Font Info:    Overwriting math alphabet `\mathbf' in version `bold'
(Font)                  OT1/cmss/bx/n --> OT1/cmss/bx/n on input line 151.
LaTeX Font Info:    Overwriting math alphabet `\mathsf' in version `bold'
(Font)                  OT1/cmss/m/n --> OT1/cmss/bx/n on input line 151.
LaTeX Font Info:    Overwriting math alphabet `\mathit' in version `bold'
(Font)                  OT1/cmss/m/it --> OT1/cmss/bx/it on input line 151.
LaTeX Font Info:    Overwriting math alphabet `\mathtt' in version `bold'
(Font)                  OT1/cmtt/m/n --> OT1/cmtt/bx/n on input line 151.
LaTeX Font Info:    Redeclaring symbol font `pureletters' on input line 151.
LaTeX Font Info:    Overwriting symbol font `pureletters' in version `normal'
(Font)                  OT1/cmss/m/it --> OT1/mathkerncmss/m/sl on input line 1
51.
LaTeX Font Info:    Overwriting symbol font `pureletters' in version `bold'
(Font)                  OT1/cmss/bx/it --> OT1/mathkerncmss/m/sl on input line 
151.
LaTeX Font Info:    Overwriting symbol font `pureletters' in version `bold'
(Font)                  OT1/mathkerncmss/m/sl --> OT1/mathkerncmss/bx/sl on inp
ut line 151.

(C:\Users\janne.pitkaniemi\AppData\Roaming\MiKTeX\2.9\tex\latex\beamer\base\tra
nslator\dicts\translator-basic-dictionary\translator-basic-dictionary-English.d
ict
Dictionary: translator-basic-dictionary, Language: English 
)
(C:\Users\janne.pitkaniemi\AppData\Roaming\MiKTeX\2.9\tex\latex\beamer\base\tra
nslator\dicts\translator-bibliography-dictionary\translator-bibliography-dictio
nary-English.dict
Dictionary: translator-bibliography-dictionary, Language: English 
)
(C:\Users\janne.pitkaniemi\AppData\Roaming\MiKTeX\2.9\tex\latex\beamer\base\tra
nslator\dicts\translator-environment-dictionary\translator-environment-dictiona
ry-English.dict
Dictionary: translator-environment-dictionary, Language: English 
)
(C:\Users\janne.pitkaniemi\AppData\Roaming\MiKTeX\2.9\tex\latex\beamer\base\tra
nslator\dicts\translator-months-dictionary\translator-months-dictionary-English
.dict
Dictionary: translator-months-dictionary, Language: English 
)
(C:\Users\janne.pitkaniemi\AppData\Roaming\MiKTeX\2.9\tex\latex\beamer\base\tra
nslator\dicts\translator-numbers-dictionary\translator-numbers-dictionary-Engli
sh.dict
Dictionary: translator-numbers-dictionary, Language: English 
)
(C:\Users\janne.pitkaniemi\AppData\Roaming\MiKTeX\2.9\tex\latex\beamer\base\tra
nslator\dicts\translator-theorem-dictionary\translator-theorem-dictionary-Engli
sh.dict
Dictionary: translator-theorem-dictionary, Language: English 
)
LaTeX Info: Redefining \includegraphics on input line 151.
Package caption Info: Begin \AtBeginDocument code.
Package caption Info: Incompatible package detected (regarding \caption).
(caption)             \caption = macro:->\ifx \@captype \@undefined \@latex@err
or {\noexpand \caption outside figure or table}\@ehd \expandafter \@gobble \els
e \refstepcounter \@captype \expandafter \@firstofone \fi {\@dblarg {\@caption 
\@captype }}.


Package caption Warning: \caption will not be redefined since it's already
(caption)                redefined by a document class or package which is
(caption)                unknown to the caption package.
See the caption package documentation for explanation.

Package caption Info: End \AtBeginDocument code.
(C:\Users\janne.pitkaniemi\Projects\TRE2018\EpiR-Tampere2018-lect7.nav)

LaTeX Font Warning: Font shape `OT1/cmss/m/n' in size <4> not available
(Font)              size <5> substituted on input line 157.

[1

{C:/Users/janne.pitkaniemi/AppData/Local/MiKTeX/2.9/pdftex/config/pdftex.map}] 
[2

]
LaTeX Font Info:    Try loading font information for U+msa on input line 206.
 ("C:\Program Files (x86)\MiKTeX 2.9\tex\latex\amsfonts\umsa.fd"
File: umsa.fd 2013/01/14 v3.01 AMS symbols A
)
LaTeX Font Info:    Try loading font information for U+msb on input line 206.

("C:\Program Files (x86)\MiKTeX 2.9\tex\latex\amsfonts\umsb.fd"
File: umsb.fd 2013/01/14 v3.01 AMS symbols B
)
LaTeX Font Info:    Try loading font information for OT1+mathkerncmss on input 
line 206.

(C:\Users\janne.pitkaniemi\AppData\Roaming\MiKTeX\2.9\tex\latex\sansmathaccent\
ot1mathkerncmss.fd
File: ot1mathkerncmss.fd 2013/03/27 Fontinst v1.933 font definitions for OT1/ma
thkerncmss.
) [3

] [4

] [5

] [6

] [7

] [8

] [9

]
(C:\Users\janne.pitkaniemi\Projects\TRE2018\EpiR-Tampere2018-lect7.vrb)
[10

] [11

] [12

]
(C:\Users\janne.pitkaniemi\Projects\TRE2018\EpiR-Tampere2018-lect7.vrb)
[13

] (C:\Users\janne.pitkaniemi\Projects\TRE2018\EpiR-Tampere2018-lect7.vrb)
[14

] (C:\Users\janne.pitkaniemi\Projects\TRE2018\EpiR-Tampere2018-lect7.vrb)
Overfull \vbox (7.82681pt too high) detected at line 491
 []

[15

] (C:\Users\janne.pitkaniemi\Projects\TRE2018\EpiR-Tampere2018-lect7.vrb)
[16

] (C:\Users\janne.pitkaniemi\Projects\TRE2018\EpiR-Tampere2018-lect7.vrb)
Overfull \vbox (17.32681pt too high) detected at line 553
 []

[17

] (C:\Users\janne.pitkaniemi\Projects\TRE2018\EpiR-Tampere2018-lect7.vrb)
[18

] (C:\Users\janne.pitkaniemi\Projects\TRE2018\EpiR-Tampere2018-lect7.vrb

! LaTeX Error: File `E:/figures/KMVeteran' not found.

See the LaTeX manual or LaTeX Companion for explanation.
Type  H <return>  for immediate help.
 ...                                              
                                                  
l.14 ...width=1.0\linewidth]{E:/figures/KMVeteran}
                                                  
I could not locate the file with any of these extensions:
.pdf,.jpg
Try typing  <return>  to proceed.
If that doesn't work, type  X <return>  to quit.

) [19

] (C:\Users\janne.pitkaniemi\Projects\TRE2018\EpiR-Tampere2018-lect7.vrb)
[20

] (C:\Users\janne.pitkaniemi\Projects\TRE2018\EpiR-Tampere2018-lect7.vrb
Overfull \hbox (28.46495pt too wide) in paragraph at lines 4--4
[]\OT1/cmtt/m/n/8 m1<-calcSurv(Surv(veteran$time[veteran$trt==1],veteran$status
[veteran$trt==1]))[] 
 []


Overfull \hbox (28.46495pt too wide) in paragraph at lines 5--5
[]\OT1/cmtt/m/n/8 m2<-calcSurv(Surv(veteran$time[veteran$trt==2],veteran$status
[veteran$trt==2]))[] 
 []

) [21

]

LaTeX Font Warning: Command \small invalid in math mode on input line 671.

[22

] [23

] [24

] [25

]
(C:\Users\janne.pitkaniemi\Projects\TRE2018\EpiR-Tampere2018-lect7.vrb)
[26

] [27

]
(C:\Users\janne.pitkaniemi\Projects\TRE2018\EpiR-Tampere2018-lect7.vrb)
[28

] (C:\Users\janne.pitkaniemi\Projects\TRE2018\EpiR-Tampere2018-lect7.vrb)
Overfull \vbox (5.38235pt too high) detected at line 850
 []

[29

] (C:\Users\janne.pitkaniemi\Projects\TRE2018\EpiR-Tampere2018-lect7.vrb
Overfull \hbox (7.21465pt too wide) in paragraph at lines 8--8
[]\OT1/cmtt/m/n/8 coxph(formula = Surv(time, status) ~ trt + strata(karnod), da
ta = veteran)[] 
 []

) [30

] (C:\Users\janne.pitkaniemi\Projects\TRE2018\EpiR-Tampere2018-lect7.vrb)
[31

] (C:\Users\janne.pitkaniemi\Projects\TRE2018\EpiR-Tampere2018-lect7.vrb)
[32

] (C:\Users\janne.pitkaniemi\Projects\TRE2018\EpiR-Tampere2018-lect7.vrb)
Overfull \vbox (4.82681pt too high) detected at line 951
 []

[33

] (C:\Users\janne.pitkaniemi\Projects\TRE2018\EpiR-Tampere2018-lect7.vrb)
Overfull \vbox (26.38235pt too high) detected at line 983
 []

[34

] (C:\Users\janne.pitkaniemi\Projects\TRE2018\EpiR-Tampere2018-lect7.vrb)
[35

] (C:\Users\janne.pitkaniemi\Projects\TRE2018\EpiR-Tampere2018-lect7.vrb)
[36

] [37

]
\tf@nav=\write6
\tf@toc=\write7
\tf@snm=\write8
Package atveryend Info: Empty hook `BeforeClearDocument' on input line 1060.
Package atveryend Info: Empty hook `AfterLastShipout' on input line 1060.

(C:\Users\janne.pitkaniemi\Projects\TRE2018\EpiR-Tampere2018-lect7.aux)
Package atveryend Info: Executing hook `AtVeryEndDocument' on input line 1060.
Package atveryend Info: Executing hook `AtEndAfterFileList' on input line 1060.

Package rerunfilecheck Info: File `EpiR-Tampere2018-lect7.out' has not changed.

(rerunfilecheck)             Checksum: D41D8CD98F00B204E9800998ECF8427E;0.


LaTeX Font Warning: Size substitutions with differences
(Font)              up to 1.0pt have occurred.

Package atveryend Info: Empty hook `AtVeryVeryEnd' on input line 1060.
 ) 
Here is how much of TeX's memory you used:
 18297 strings out of 493921
 351378 string characters out of 3144843
 423353 words of memory out of 3000000
 21037 multiletter control sequences out of 15000+200000
 17473 words of font info for 65 fonts, out of 3000000 for 9000
 841 hyphenation exceptions out of 8191
 56i,12n,55p,403b,376s stack positions out of 5000i,500n,10000p,200000b,50000s
<C:/Program Files (x86)/MiKTeX 2.9/fonts/type1/public/amsfonts/cm/cmex10.pfb>
<C:/Program Files (x86)/MiKTeX 2.9/fonts/type1/public/amsfonts/cm/cmmi12.pfb><C
:/Program Files (x86)/MiKTeX 2.9/fonts/type1/public/amsfonts/cm/cmmi8.pfb><C:/P
rogram Files (x86)/MiKTeX 2.9/fonts/type1/public/amsfonts/cm/cmss12.pfb><C:/Pro
gram Files (x86)/MiKTeX 2.9/fonts/type1/public/amsfonts/cm/cmss17.pfb><C:/Progr
am Files (x86)/MiKTeX 2.9/fonts/type1/public/amsfonts/cm/cmss8.pfb><C:/Program 
Files (x86)/MiKTeX 2.9/fonts/type1/public/amsfonts/cm/cmssbx10.pfb><C:/Program 
Files (x86)/MiKTeX 2.9/fonts/type1/public/amsfonts/cm/cmssi12.pfb><C:/Program F
iles (x86)/MiKTeX 2.9/fonts/type1/public/amsfonts/cm/cmssi17.pfb><C:/Program Fi
les (x86)/MiKTeX 2.9/fonts/type1/public/amsfonts/cm/cmssi8.pfb><C:/Program File
s (x86)/MiKTeX 2.9/fonts/type1/public/amsfonts/cm/cmsy10.pfb><C:/Program Files 
(x86)/MiKTeX 2.9/fonts/type1/public/amsfonts/cm/cmsy6.pfb><C:/Program Files (x8
6)/MiKTeX 2.9/fonts/type1/public/amsfonts/cm/cmsy8.pfb><C:/Program Files (x86)/
MiKTeX 2.9/fonts/type1/public/amsfonts/cm/cmtt10.pfb><C:/Program Files (x86)/Mi
KTeX 2.9/fonts/type1/public/amsfonts/cm/cmtt12.pfb><C:/Program Files (x86)/MiKT
eX 2.9/fonts/type1/public/amsfonts/cm/cmtt8.pfb><C:/Program Files (x86)/MiKTeX 
2.9/fonts/type1/public/amsfonts/latxfont/linew10.pfb><C:/Program Files (x86)/Mi
KTeX 2.9/fonts/type1/public/amsfonts/symbols/msam10.pfb>
Output written on EpiR-Tampere2018-lect7.pdf (37 pages, 253484 bytes).
PDF statistics:
 301 PDF objects out of 1000 (max. 8388607)
 76 named destinations out of 1000 (max. 500000)
 43 words of extra memory for PDF output out of 10000 (max. 10000000)

