This is pdfTeX, Version 3.14159265-2.6-1.40.20 (TeX Live 2019/W32TeX) (preloaded format=pdflatex 2020.1.22)  27 JAN 2020 14:46
entering extended mode
 restricted \write18 enabled.
 %&-line parsing enabled.
**EpiR-Tampere2020-lect2.tex
(./EpiR-Tampere2020-lect2.tex
LaTeX2e <2019-10-01> patch level 3

(c:/Users/janne.pitkaniemi/AppData/Roaming/TinyTeX/texmf-dist/tex/latex/beamer/
beamer.cls
Document Class: beamer 2019/09/29 v3.57 A class for typesetting presentations

(c:/Users/janne.pitkaniemi/AppData/Roaming/TinyTeX/texmf-dist/tex/latex/beamer/
beamerbasemodes.sty
(c:/Users/janne.pitkaniemi/AppData/Roaming/TinyTeX/texmf-dist/tex/latex/etoolbo
x/etoolbox.sty
Package: etoolbox 2019/09/21 v2.5h e-TeX tools for LaTeX (JAW)
\etb@tempcnta=\count80
)
\beamer@tempbox=\box27
\beamer@tempcount=\count81
\c@beamerpauses=\count82

(c:/Users/janne.pitkaniemi/AppData/Roaming/TinyTeX/texmf-dist/tex/latex/beamer/
beamerbasedecode.sty
\beamer@slideinframe=\count83
\beamer@minimum=\count84
\beamer@decode@box=\box28
)
\beamer@commentbox=\box29
\beamer@modecount=\count85
)
(c:/Users/janne.pitkaniemi/AppData/Roaming/TinyTeX/texmf-dist/tex/generic/iftex
/ifpdf.sty
Package: ifpdf 2019/10/25 v3.4 ifpdf legacy package. Use iftex instead.

(c:/Users/janne.pitkaniemi/AppData/Roaming/TinyTeX/texmf-dist/tex/generic/iftex
/iftex.sty
Package: iftex 2019/11/07 v1.0c TeX engine tests
))
\headdp=\dimen102
\footheight=\dimen103
\sidebarheight=\dimen104
\beamer@tempdim=\dimen105
\beamer@finalheight=\dimen106
\beamer@animht=\dimen107
\beamer@animdp=\dimen108
\beamer@animwd=\dimen109
\beamer@leftmargin=\dimen110
\beamer@rightmargin=\dimen111
\beamer@leftsidebar=\dimen112
\beamer@rightsidebar=\dimen113
\beamer@boxsize=\dimen114
\beamer@vboxoffset=\dimen115
\beamer@descdefault=\dimen116
\beamer@descriptionwidth=\dimen117
\beamer@lastskip=\skip41
\beamer@areabox=\box30
\beamer@animcurrent=\box31
\beamer@animshowbox=\box32
\beamer@sectionbox=\box33
\beamer@logobox=\box34
\beamer@linebox=\box35
\beamer@sectioncount=\count86
\beamer@subsubsectionmax=\count87
\beamer@subsectionmax=\count88
\beamer@sectionmax=\count89
\beamer@totalheads=\count90
\beamer@headcounter=\count91
\beamer@partstartpage=\count92
\beamer@sectionstartpage=\count93
\beamer@subsectionstartpage=\count94
\beamer@animationtempa=\count95
\beamer@animationtempb=\count96
\beamer@xpos=\count97
\beamer@ypos=\count98
\beamer@ypos@offset=\count99
\beamer@showpartnumber=\count100
\beamer@currentsubsection=\count101
\beamer@coveringdepth=\count102
\beamer@sectionadjust=\count103
\beamer@tocsectionnumber=\count104

(c:/Users/janne.pitkaniemi/AppData/Roaming/TinyTeX/texmf-dist/tex/latex/beamer/
beamerbaseoptions.sty
(c:/Users/janne.pitkaniemi/AppData/Roaming/TinyTeX/texmf-dist/tex/latex/graphic
s/keyval.sty
Package: keyval 2014/10/28 v1.15 key=value parser (DPC)
\KV@toks@=\toks14
))
\beamer@paperwidth=\skip42
\beamer@paperheight=\skip43

(c:/Users/janne.pitkaniemi/AppData/Roaming/TinyTeX/texmf-dist/tex/latex/geometr
y/geometry.sty
Package: geometry 2020/01/02 v5.9 Page Geometry

(c:/Users/janne.pitkaniemi/AppData/Roaming/TinyTeX/texmf-dist/tex/generic/iftex
/ifvtex.sty
Package: ifvtex 2019/10/25 v1.7 ifvtex legacy package. Use iftex instead.
)
\Gm@cnth=\count105
\Gm@cntv=\count106
\c@Gm@tempcnt=\count107
\Gm@bindingoffset=\dimen118
\Gm@wd@mp=\dimen119
\Gm@odd@mp=\dimen120
\Gm@even@mp=\dimen121
\Gm@layoutwidth=\dimen122
\Gm@layoutheight=\dimen123
\Gm@layouthoffset=\dimen124
\Gm@layoutvoffset=\dimen125
\Gm@dimlist=\toks15
)
(c:/Users/janne.pitkaniemi/AppData/Roaming/TinyTeX/texmf-dist/tex/latex/base/si
ze11.clo
File: size11.clo 2019/10/25 v1.4k Standard LaTeX file (size option)
)
(c:/Users/janne.pitkaniemi/AppData/Roaming/TinyTeX/texmf-dist/tex/latex/pgf/bas
iclayer/pgfcore.sty
(c:/Users/janne.pitkaniemi/AppData/Roaming/TinyTeX/texmf-dist/tex/latex/graphic
s/graphicx.sty
Package: graphicx 2017/06/01 v1.1a Enhanced LaTeX Graphics (DPC,SPQR)

(c:/Users/janne.pitkaniemi/AppData/Roaming/TinyTeX/texmf-dist/tex/latex/graphic
s/graphics.sty
Package: graphics 2019/11/01 v1.3d Standard LaTeX Graphics (DPC,SPQR)

(c:/Users/janne.pitkaniemi/AppData/Roaming/TinyTeX/texmf-dist/tex/latex/graphic
s/trig.sty
Package: trig 2016/01/03 v1.10 sin cos tan (DPC)
)
(c:/Users/janne.pitkaniemi/AppData/Roaming/TinyTeX/texmf-dist/tex/latex/graphic
s-cfg/graphics.cfg
File: graphics.cfg 2016/06/04 v1.11 sample graphics configuration
)
Package graphics Info: Driver file: pdftex.def on input line 105.

(c:/Users/janne.pitkaniemi/AppData/Roaming/TinyTeX/texmf-dist/tex/latex/graphic
s-def/pdftex.def
File: pdftex.def 2018/01/08 v1.0l Graphics/color driver for pdftex
))
\Gin@req@height=\dimen126
\Gin@req@width=\dimen127
)
(c:/Users/janne.pitkaniemi/AppData/Roaming/TinyTeX/texmf-dist/tex/latex/pgf/sys
temlayer/pgfsys.sty
(c:/Users/janne.pitkaniemi/AppData/Roaming/TinyTeX/texmf-dist/tex/latex/pgf/uti
lities/pgfrcs.sty
(c:/Users/janne.pitkaniemi/AppData/Roaming/TinyTeX/texmf-dist/tex/generic/pgf/u
tilities/pgfutil-common.tex
\pgfutil@everybye=\toks16
\pgfutil@tempdima=\dimen128
\pgfutil@tempdimb=\dimen129

(c:/Users/janne.pitkaniemi/AppData/Roaming/TinyTeX/texmf-dist/tex/generic/pgf/u
tilities/pgfutil-common-lists.tex))
(c:/Users/janne.pitkaniemi/AppData/Roaming/TinyTeX/texmf-dist/tex/generic/pgf/u
tilities/pgfutil-latex.def
\pgfutil@abb=\box36

(c:/Users/janne.pitkaniemi/AppData/Roaming/TinyTeX/texmf-dist/tex/latex/ms/ever
yshi.sty
Package: everyshi 2001/05/15 v3.00 EveryShipout Package (MS)
))
(c:/Users/janne.pitkaniemi/AppData/Roaming/TinyTeX/texmf-dist/tex/generic/pgf/u
tilities/pgfrcs.code.tex
(c:/Users/janne.pitkaniemi/AppData/Roaming/TinyTeX/texmf-dist/tex/generic/pgf/p
gf.revision.tex)
Package: pgfrcs 2020/01/08 v3.1.5b (3.1.5b)
))
(c:/Users/janne.pitkaniemi/AppData/Roaming/TinyTeX/texmf-dist/tex/generic/pgf/s
ystemlayer/pgfsys.code.tex
Package: pgfsys 2020/01/08 v3.1.5b (3.1.5b)

(c:/Users/janne.pitkaniemi/AppData/Roaming/TinyTeX/texmf-dist/tex/generic/pgf/u
tilities/pgfkeys.code.tex
\pgfkeys@pathtoks=\toks17
\pgfkeys@temptoks=\toks18

(c:/Users/janne.pitkaniemi/AppData/Roaming/TinyTeX/texmf-dist/tex/generic/pgf/u
tilities/pgfkeysfiltered.code.tex
\pgfkeys@tmptoks=\toks19
))
\pgf@x=\dimen130
\pgf@y=\dimen131
\pgf@xa=\dimen132
\pgf@ya=\dimen133
\pgf@xb=\dimen134
\pgf@yb=\dimen135
\pgf@xc=\dimen136
\pgf@yc=\dimen137
\pgf@xd=\dimen138
\pgf@yd=\dimen139
\w@pgf@writea=\write3
\r@pgf@reada=\read1
\c@pgf@counta=\count108
\c@pgf@countb=\count109
\c@pgf@countc=\count110
\c@pgf@countd=\count111
\t@pgf@toka=\toks20
\t@pgf@tokb=\toks21
\t@pgf@tokc=\toks22
\pgf@sys@id@count=\count112

(c:/Users/janne.pitkaniemi/AppData/Roaming/TinyTeX/texmf-dist/tex/generic/pgf/s
ystemlayer/pgf.cfg
File: pgf.cfg 2020/01/08 v3.1.5b (3.1.5b)
)
Driver file for pgf: pgfsys-pdftex.def

(c:/Users/janne.pitkaniemi/AppData/Roaming/TinyTeX/texmf-dist/tex/generic/pgf/s
ystemlayer/pgfsys-pdftex.def
File: pgfsys-pdftex.def 2020/01/08 v3.1.5b (3.1.5b)

(c:/Users/janne.pitkaniemi/AppData/Roaming/TinyTeX/texmf-dist/tex/generic/pgf/s
ystemlayer/pgfsys-common-pdf.def
File: pgfsys-common-pdf.def 2020/01/08 v3.1.5b (3.1.5b)
)))
(c:/Users/janne.pitkaniemi/AppData/Roaming/TinyTeX/texmf-dist/tex/generic/pgf/s
ystemlayer/pgfsyssoftpath.code.tex
File: pgfsyssoftpath.code.tex 2020/01/08 v3.1.5b (3.1.5b)
\pgfsyssoftpath@smallbuffer@items=\count113
\pgfsyssoftpath@bigbuffer@items=\count114
)
(c:/Users/janne.pitkaniemi/AppData/Roaming/TinyTeX/texmf-dist/tex/generic/pgf/s
ystemlayer/pgfsysprotocol.code.tex
File: pgfsysprotocol.code.tex 2020/01/08 v3.1.5b (3.1.5b)
))
(c:/Users/janne.pitkaniemi/AppData/Roaming/TinyTeX/texmf-dist/tex/latex/xcolor/
xcolor.sty
Package: xcolor 2016/05/11 v2.12 LaTeX color extensions (UK)

(c:/Users/janne.pitkaniemi/AppData/Roaming/TinyTeX/texmf-dist/tex/latex/graphic
s-cfg/color.cfg
File: color.cfg 2016/01/02 v1.6 sample color configuration
)
Package xcolor Info: Driver file: pdftex.def on input line 225.
Package xcolor Info: Model `cmy' substituted by `cmy0' on input line 1348.
Package xcolor Info: Model `hsb' substituted by `rgb' on input line 1352.
Package xcolor Info: Model `RGB' extended on input line 1364.
Package xcolor Info: Model `HTML' substituted by `rgb' on input line 1366.
Package xcolor Info: Model `Hsb' substituted by `hsb' on input line 1367.
Package xcolor Info: Model `tHsb' substituted by `hsb' on input line 1368.
Package xcolor Info: Model `HSB' substituted by `hsb' on input line 1369.
Package xcolor Info: Model `Gray' substituted by `gray' on input line 1370.
Package xcolor Info: Model `wave' substituted by `hsb' on input line 1371.
)
(c:/Users/janne.pitkaniemi/AppData/Roaming/TinyTeX/texmf-dist/tex/generic/pgf/b
asiclayer/pgfcore.code.tex
Package: pgfcore 2020/01/08 v3.1.5b (3.1.5b)

(c:/Users/janne.pitkaniemi/AppData/Roaming/TinyTeX/texmf-dist/tex/generic/pgf/m
ath/pgfmath.code.tex
(c:/Users/janne.pitkaniemi/AppData/Roaming/TinyTeX/texmf-dist/tex/generic/pgf/m
ath/pgfmathcalc.code.tex
(c:/Users/janne.pitkaniemi/AppData/Roaming/TinyTeX/texmf-dist/tex/generic/pgf/m
ath/pgfmathutil.code.tex)
(c:/Users/janne.pitkaniemi/AppData/Roaming/TinyTeX/texmf-dist/tex/generic/pgf/m
ath/pgfmathparser.code.tex
\pgfmath@dimen=\dimen140
\pgfmath@count=\count115
\pgfmath@box=\box37
\pgfmath@toks=\toks23
\pgfmath@stack@operand=\toks24
\pgfmath@stack@operation=\toks25
)
(c:/Users/janne.pitkaniemi/AppData/Roaming/TinyTeX/texmf-dist/tex/generic/pgf/m
ath/pgfmathfunctions.code.tex
(c:/Users/janne.pitkaniemi/AppData/Roaming/TinyTeX/texmf-dist/tex/generic/pgf/m
ath/pgfmathfunctions.basic.code.tex)
(c:/Users/janne.pitkaniemi/AppData/Roaming/TinyTeX/texmf-dist/tex/generic/pgf/m
ath/pgfmathfunctions.trigonometric.code.tex)
(c:/Users/janne.pitkaniemi/AppData/Roaming/TinyTeX/texmf-dist/tex/generic/pgf/m
ath/pgfmathfunctions.random.code.tex)
(c:/Users/janne.pitkaniemi/AppData/Roaming/TinyTeX/texmf-dist/tex/generic/pgf/m
ath/pgfmathfunctions.comparison.code.tex)
(c:/Users/janne.pitkaniemi/AppData/Roaming/TinyTeX/texmf-dist/tex/generic/pgf/m
ath/pgfmathfunctions.base.code.tex)
(c:/Users/janne.pitkaniemi/AppData/Roaming/TinyTeX/texmf-dist/tex/generic/pgf/m
ath/pgfmathfunctions.round.code.tex)
(c:/Users/janne.pitkaniemi/AppData/Roaming/TinyTeX/texmf-dist/tex/generic/pgf/m
ath/pgfmathfunctions.misc.code.tex)
(c:/Users/janne.pitkaniemi/AppData/Roaming/TinyTeX/texmf-dist/tex/generic/pgf/m
ath/pgfmathfunctions.integerarithmetics.code.tex)))
(c:/Users/janne.pitkaniemi/AppData/Roaming/TinyTeX/texmf-dist/tex/generic/pgf/m
ath/pgfmathfloat.code.tex
\c@pgfmathroundto@lastzeros=\count116
))
(c:/Users/janne.pitkaniemi/AppData/Roaming/TinyTeX/texmf-dist/tex/generic/pgf/m
ath/pgfint.code.tex)
(c:/Users/janne.pitkaniemi/AppData/Roaming/TinyTeX/texmf-dist/tex/generic/pgf/b
asiclayer/pgfcorepoints.code.tex
File: pgfcorepoints.code.tex 2020/01/08 v3.1.5b (3.1.5b)
\pgf@picminx=\dimen141
\pgf@picmaxx=\dimen142
\pgf@picminy=\dimen143
\pgf@picmaxy=\dimen144
\pgf@pathminx=\dimen145
\pgf@pathmaxx=\dimen146
\pgf@pathminy=\dimen147
\pgf@pathmaxy=\dimen148
\pgf@xx=\dimen149
\pgf@xy=\dimen150
\pgf@yx=\dimen151
\pgf@yy=\dimen152
\pgf@zx=\dimen153
\pgf@zy=\dimen154
)
(c:/Users/janne.pitkaniemi/AppData/Roaming/TinyTeX/texmf-dist/tex/generic/pgf/b
asiclayer/pgfcorepathconstruct.code.tex
File: pgfcorepathconstruct.code.tex 2020/01/08 v3.1.5b (3.1.5b)
\pgf@path@lastx=\dimen155
\pgf@path@lasty=\dimen156
)
(c:/Users/janne.pitkaniemi/AppData/Roaming/TinyTeX/texmf-dist/tex/generic/pgf/b
asiclayer/pgfcorepathusage.code.tex
File: pgfcorepathusage.code.tex 2020/01/08 v3.1.5b (3.1.5b)
\pgf@shorten@end@additional=\dimen157
\pgf@shorten@start@additional=\dimen158
)
(c:/Users/janne.pitkaniemi/AppData/Roaming/TinyTeX/texmf-dist/tex/generic/pgf/b
asiclayer/pgfcorescopes.code.tex
File: pgfcorescopes.code.tex 2020/01/08 v3.1.5b (3.1.5b)
\pgfpic=\box38
\pgf@hbox=\box39
\pgf@layerbox@main=\box40
\pgf@picture@serial@count=\count117
)
(c:/Users/janne.pitkaniemi/AppData/Roaming/TinyTeX/texmf-dist/tex/generic/pgf/b
asiclayer/pgfcoregraphicstate.code.tex
File: pgfcoregraphicstate.code.tex 2020/01/08 v3.1.5b (3.1.5b)
\pgflinewidth=\dimen159
)
(c:/Users/janne.pitkaniemi/AppData/Roaming/TinyTeX/texmf-dist/tex/generic/pgf/b
asiclayer/pgfcoretransformations.code.tex
File: pgfcoretransformations.code.tex 2020/01/08 v3.1.5b (3.1.5b)
\pgf@pt@x=\dimen160
\pgf@pt@y=\dimen161
\pgf@pt@temp=\dimen162
)
(c:/Users/janne.pitkaniemi/AppData/Roaming/TinyTeX/texmf-dist/tex/generic/pgf/b
asiclayer/pgfcorequick.code.tex
File: pgfcorequick.code.tex 2020/01/08 v3.1.5b (3.1.5b)
)
(c:/Users/janne.pitkaniemi/AppData/Roaming/TinyTeX/texmf-dist/tex/generic/pgf/b
asiclayer/pgfcoreobjects.code.tex
File: pgfcoreobjects.code.tex 2020/01/08 v3.1.5b (3.1.5b)
)
(c:/Users/janne.pitkaniemi/AppData/Roaming/TinyTeX/texmf-dist/tex/generic/pgf/b
asiclayer/pgfcorepathprocessing.code.tex
File: pgfcorepathprocessing.code.tex 2020/01/08 v3.1.5b (3.1.5b)
)
(c:/Users/janne.pitkaniemi/AppData/Roaming/TinyTeX/texmf-dist/tex/generic/pgf/b
asiclayer/pgfcorearrows.code.tex
File: pgfcorearrows.code.tex 2020/01/08 v3.1.5b (3.1.5b)
\pgfarrowsep=\dimen163
)
(c:/Users/janne.pitkaniemi/AppData/Roaming/TinyTeX/texmf-dist/tex/generic/pgf/b
asiclayer/pgfcoreshade.code.tex
File: pgfcoreshade.code.tex 2020/01/08 v3.1.5b (3.1.5b)
\pgf@max=\dimen164
\pgf@sys@shading@range@num=\count118
\pgf@shadingcount=\count119
)
(c:/Users/janne.pitkaniemi/AppData/Roaming/TinyTeX/texmf-dist/tex/generic/pgf/b
asiclayer/pgfcoreimage.code.tex
File: pgfcoreimage.code.tex 2020/01/08 v3.1.5b (3.1.5b)

(c:/Users/janne.pitkaniemi/AppData/Roaming/TinyTeX/texmf-dist/tex/generic/pgf/b
asiclayer/pgfcoreexternal.code.tex
File: pgfcoreexternal.code.tex 2020/01/08 v3.1.5b (3.1.5b)
\pgfexternal@startupbox=\box41
))
(c:/Users/janne.pitkaniemi/AppData/Roaming/TinyTeX/texmf-dist/tex/generic/pgf/b
asiclayer/pgfcorelayers.code.tex
File: pgfcorelayers.code.tex 2020/01/08 v3.1.5b (3.1.5b)
)
(c:/Users/janne.pitkaniemi/AppData/Roaming/TinyTeX/texmf-dist/tex/generic/pgf/b
asiclayer/pgfcoretransparency.code.tex
File: pgfcoretransparency.code.tex 2020/01/08 v3.1.5b (3.1.5b)
)
(c:/Users/janne.pitkaniemi/AppData/Roaming/TinyTeX/texmf-dist/tex/generic/pgf/b
asiclayer/pgfcorepatterns.code.tex
File: pgfcorepatterns.code.tex 2020/01/08 v3.1.5b (3.1.5b)
)
(c:/Users/janne.pitkaniemi/AppData/Roaming/TinyTeX/texmf-dist/tex/generic/pgf/b
asiclayer/pgfcorerdf.code.tex
File: pgfcorerdf.code.tex 2020/01/08 v3.1.5b (3.1.5b)
)))
(c:/Users/janne.pitkaniemi/AppData/Roaming/TinyTeX/texmf-dist/tex/latex/pgf/uti
lities/xxcolor.sty
Package: xxcolor 2003/10/24 ver 0.1
\XC@nummixins=\count120
\XC@countmixins=\count121
)
(c:/Users/janne.pitkaniemi/AppData/Roaming/TinyTeX/texmf-dist/tex/generic/atbeg
shi/atbegshi.sty
Package: atbegshi 2019/12/05 v1.19 At begin shipout hook (HO)

(c:/Users/janne.pitkaniemi/AppData/Roaming/TinyTeX/texmf-dist/tex/generic/infwa
rerr/infwarerr.sty
Package: infwarerr 2019/12/03 v1.5 Providing info/warning/error messages (HO)
)
(c:/Users/janne.pitkaniemi/AppData/Roaming/TinyTeX/texmf-dist/tex/generic/ltxcm
ds/ltxcmds.sty
Package: ltxcmds 2019/12/15 v1.24 LaTeX kernel commands for general use (HO)
))
(c:/Users/janne.pitkaniemi/AppData/Roaming/TinyTeX/texmf-dist/tex/latex/hyperre
f/hyperref.sty
Package: hyperref 2019/11/10 v7.00c Hypertext links for LaTeX

(c:/Users/janne.pitkaniemi/AppData/Roaming/TinyTeX/texmf-dist/tex/latex/pdftexc
mds/pdftexcmds.sty
Package: pdftexcmds 2019/11/24 v0.31 Utility functions of pdfTeX for LuaTeX (HO
)
Package pdftexcmds Info: \pdf@primitive is available.
Package pdftexcmds Info: \pdf@ifprimitive is available.
Package pdftexcmds Info: \pdfdraftmode found.
)
(c:/Users/janne.pitkaniemi/AppData/Roaming/TinyTeX/texmf-dist/tex/generic/kvset
keys/kvsetkeys.sty
Package: kvsetkeys 2019/12/15 v1.18 Key value parser (HO)
)
(c:/Users/janne.pitkaniemi/AppData/Roaming/TinyTeX/texmf-dist/tex/generic/kvdef
inekeys/kvdefinekeys.sty
Package: kvdefinekeys 2019-12-19 v1.6 Define keys (HO)
)
(c:/Users/janne.pitkaniemi/AppData/Roaming/TinyTeX/texmf-dist/tex/generic/pdfes
cape/pdfescape.sty
Package: pdfescape 2019/12/09 v1.15 Implements pdfTeX's escape features (HO)
)
(c:/Users/janne.pitkaniemi/AppData/Roaming/TinyTeX/texmf-dist/tex/latex/hycolor
/hycolor.sty
Package: hycolor 2019/12/15 v1.9 Color options for hyperref/bookmark (HO)

(c:/Users/janne.pitkaniemi/AppData/Roaming/TinyTeX/texmf-dist/tex/latex/hycolor
/xcolor-patch.sty
Package: xcolor-patch 2019/12/15 xcolor patch

(c:/Users/janne.pitkaniemi/AppData/Roaming/TinyTeX/texmf-dist/tex/latex/oberdie
k/hopatch.sty
Package: hopatch 2016/05/16 v1.3 Wrapper for package hooks (HO)
)))
(c:/Users/janne.pitkaniemi/AppData/Roaming/TinyTeX/texmf-dist/tex/latex/letltxm
acro/letltxmacro.sty
Package: letltxmacro 2019/12/03 v1.6 Let assignment for LaTeX macros (HO)
)
(c:/Users/janne.pitkaniemi/AppData/Roaming/TinyTeX/texmf-dist/tex/latex/auxhook
/auxhook.sty
Package: auxhook 2019-12-17 v1.6 Hooks for auxiliary files (HO)
)
(c:/Users/janne.pitkaniemi/AppData/Roaming/TinyTeX/texmf-dist/tex/latex/kvoptio
ns/kvoptions.sty
Package: kvoptions 2019/11/29 v3.13 Key value format for package options (HO)
)
\@linkdim=\dimen165
\Hy@linkcounter=\count122
\Hy@pagecounter=\count123

(c:/Users/janne.pitkaniemi/AppData/Roaming/TinyTeX/texmf-dist/tex/latex/hyperre
f/pd1enc.def
File: pd1enc.def 2019/11/10 v7.00c Hyperref: PDFDocEncoding definition (HO)
Now handling font encoding PD1 ...
... no UTF-8 mapping file for font encoding PD1
)
(c:/Users/janne.pitkaniemi/AppData/Roaming/TinyTeX/texmf-dist/tex/generic/intca
lc/intcalc.sty
Package: intcalc 2019/12/15 v1.3 Expandable calculations with integers (HO)
)
(c:/Users/janne.pitkaniemi/AppData/Roaming/TinyTeX/texmf-dist/tex/generic/etexc
mds/etexcmds.sty
Package: etexcmds 2019/12/15 v1.7 Avoid name clashes with e-TeX commands (HO)
)
\Hy@SavedSpaceFactor=\count124

(c:/Users/janne.pitkaniemi/AppData/Roaming/TinyTeX/texmf-dist/tex/latex/latexco
nfig/hyperref.cfg
File: hyperref.cfg 2002/06/06 v1.2 hyperref configuration of TeXLive
)
Package hyperref Info: Option `unicode' set `true' on input line 4409.

(c:/Users/janne.pitkaniemi/AppData/Roaming/TinyTeX/texmf-dist/tex/latex/hyperre
f/puenc.def
File: puenc.def 2019/11/10 v7.00c Hyperref: PDF Unicode definition (HO)
Now handling font encoding PU ...
... no UTF-8 mapping file for font encoding PU
)
Package hyperref Info: Option `bookmarks' set `true' on input line 4409.
Package hyperref Info: Option `bookmarksopen' set `true' on input line 4409.
Package hyperref Info: Option `implicit' set `false' on input line 4409.
Package hyperref Info: Hyper figures OFF on input line 4535.
Package hyperref Info: Link nesting OFF on input line 4540.
Package hyperref Info: Hyper index ON on input line 4543.
Package hyperref Info: Plain pages OFF on input line 4550.
Package hyperref Info: Backreferencing OFF on input line 4555.
Package hyperref Info: Implicit mode OFF; no redefinition of LaTeX internals.
Package hyperref Info: Bookmarks ON on input line 4788.
\c@Hy@tempcnt=\count125

(c:/Users/janne.pitkaniemi/AppData/Roaming/TinyTeX/texmf-dist/tex/latex/url/url
.sty
\Urlmuskip=\muskip10
Package: url 2013/09/16  ver 3.4  Verb mode for urls, etc.
)
LaTeX Info: Redefining \url on input line 5147.
\XeTeXLinkMargin=\dimen166

(c:/Users/janne.pitkaniemi/AppData/Roaming/TinyTeX/texmf-dist/tex/generic/bitse
t/bitset.sty
Package: bitset 2019/12/09 v1.3 Handle bit-vector datatype (HO)

(c:/Users/janne.pitkaniemi/AppData/Roaming/TinyTeX/texmf-dist/tex/generic/bigin
tcalc/bigintcalc.sty
Package: bigintcalc 2019/12/15 v1.5 Expandable calculations on big integers (HO
)
))
\Fld@menulength=\count126
\Field@Width=\dimen167
\Fld@charsize=\dimen168
Package hyperref Info: Hyper figures OFF on input line 6418.
Package hyperref Info: Link nesting OFF on input line 6423.
Package hyperref Info: Hyper index ON on input line 6426.
Package hyperref Info: backreferencing OFF on input line 6433.
Package hyperref Info: Link coloring OFF on input line 6438.
Package hyperref Info: Link coloring with OCG OFF on input line 6443.
Package hyperref Info: PDF/A mode OFF on input line 6448.
LaTeX Info: Redefining \ref on input line 6488.
LaTeX Info: Redefining \pageref on input line 6492.
\Hy@abspage=\count127

Package hyperref Message: Stopped early.

)
Package hyperref Info: Driver (autodetected): hpdftex.

(c:/Users/janne.pitkaniemi/AppData/Roaming/TinyTeX/texmf-dist/tex/latex/hyperre
f/hpdftex.def
File: hpdftex.def 2019/11/10 v7.00c Hyperref driver for pdfTeX

(c:/Users/janne.pitkaniemi/AppData/Roaming/TinyTeX/texmf-dist/tex/latex/atverye
nd/atveryend.sty
Package: atveryend 2019-12-11 v1.11 Hooks at the very end of document (HO)
)
\Fld@listcount=\count128
\c@bookmark@seq@number=\count129

(c:/Users/janne.pitkaniemi/AppData/Roaming/TinyTeX/texmf-dist/tex/latex/rerunfi
lecheck/rerunfilecheck.sty
Package: rerunfilecheck 2019/12/05 v1.9 Rerun checks for auxiliary files (HO)

(c:/Users/janne.pitkaniemi/AppData/Roaming/TinyTeX/texmf-dist/tex/generic/uniqu
ecounter/uniquecounter.sty
Package: uniquecounter 2019/12/15 v1.4 Provide unlimited unique counter (HO)
)
Package uniquecounter Info: New unique counter `rerunfilecheck' on input line 2
86.
))
(c:/Users/janne.pitkaniemi/AppData/Roaming/TinyTeX/texmf-dist/tex/latex/beamer/
beamerbaserequires.sty
(c:/Users/janne.pitkaniemi/AppData/Roaming/TinyTeX/texmf-dist/tex/latex/beamer/
beamerbasecompatibility.sty)
(c:/Users/janne.pitkaniemi/AppData/Roaming/TinyTeX/texmf-dist/tex/latex/beamer/
beamerbasefont.sty
(c:/Users/janne.pitkaniemi/AppData/Roaming/TinyTeX/texmf-dist/tex/latex/amsfont
s/amssymb.sty
Package: amssymb 2013/01/14 v3.01 AMS font symbols

(c:/Users/janne.pitkaniemi/AppData/Roaming/TinyTeX/texmf-dist/tex/latex/amsfont
s/amsfonts.sty
Package: amsfonts 2013/01/14 v3.01 Basic AMSFonts support
\@emptytoks=\toks26
\symAMSa=\mathgroup4
\symAMSb=\mathgroup5
LaTeX Font Info:    Redeclaring math symbol \hbar on input line 98.
LaTeX Font Info:    Overwriting math alphabet `\mathfrak' in version `bold'
(Font)                  U/euf/m/n --> U/euf/b/n on input line 106.
)))
(c:/Users/janne.pitkaniemi/AppData/Roaming/TinyTeX/texmf-dist/tex/latex/beamer/
beamerbasetranslator.sty
(c:/Users/janne.pitkaniemi/AppData/Roaming/TinyTeX/texmf-dist/tex/latex/transla
tor/translator.sty
Package: translator 2019-05-31 v1.12a Easy translation of strings in LaTeX
))
(c:/Users/janne.pitkaniemi/AppData/Roaming/TinyTeX/texmf-dist/tex/latex/beamer/
beamerbasemisc.sty)
(c:/Users/janne.pitkaniemi/AppData/Roaming/TinyTeX/texmf-dist/tex/latex/beamer/
beamerbasetwoscreens.sty)
(c:/Users/janne.pitkaniemi/AppData/Roaming/TinyTeX/texmf-dist/tex/latex/beamer/
beamerbaseoverlay.sty
\beamer@argscount=\count130
\beamer@lastskipcover=\skip44
\beamer@trivlistdepth=\count131
)
(c:/Users/janne.pitkaniemi/AppData/Roaming/TinyTeX/texmf-dist/tex/latex/beamer/
beamerbasetitle.sty)
(c:/Users/janne.pitkaniemi/AppData/Roaming/TinyTeX/texmf-dist/tex/latex/beamer/
beamerbasesection.sty
\c@lecture=\count132
\c@part=\count133
\c@section=\count134
\c@subsection=\count135
\c@subsubsection=\count136
)
(c:/Users/janne.pitkaniemi/AppData/Roaming/TinyTeX/texmf-dist/tex/latex/beamer/
beamerbaseframe.sty
\beamer@framebox=\box42
\beamer@frametitlebox=\box43
\beamer@zoombox=\box44
\beamer@zoomcount=\count137
\beamer@zoomframecount=\count138
\beamer@frametextheight=\dimen169
\c@subsectionslide=\count139
\beamer@frametopskip=\skip45
\beamer@framebottomskip=\skip46
\beamer@frametopskipautobreak=\skip47
\beamer@framebottomskipautobreak=\skip48
\beamer@envbody=\toks27
\framewidth=\dimen170
\c@framenumber=\count140
)
(c:/Users/janne.pitkaniemi/AppData/Roaming/TinyTeX/texmf-dist/tex/latex/beamer/
beamerbaseverbatim.sty
\beamer@verbatimfileout=\write4
)
(c:/Users/janne.pitkaniemi/AppData/Roaming/TinyTeX/texmf-dist/tex/latex/beamer/
beamerbaseframesize.sty
\beamer@splitbox=\box45
\beamer@autobreakcount=\count141
\beamer@autobreaklastheight=\dimen171
\beamer@frametitletoks=\toks28
\beamer@framesubtitletoks=\toks29
)
(c:/Users/janne.pitkaniemi/AppData/Roaming/TinyTeX/texmf-dist/tex/latex/beamer/
beamerbaseframecomponents.sty
\beamer@footins=\box46
)
(c:/Users/janne.pitkaniemi/AppData/Roaming/TinyTeX/texmf-dist/tex/latex/beamer/
beamerbasecolor.sty)
(c:/Users/janne.pitkaniemi/AppData/Roaming/TinyTeX/texmf-dist/tex/latex/beamer/
beamerbasenotes.sty
\beamer@frameboxcopy=\box47
)
(c:/Users/janne.pitkaniemi/AppData/Roaming/TinyTeX/texmf-dist/tex/latex/beamer/
beamerbasetoc.sty)
(c:/Users/janne.pitkaniemi/AppData/Roaming/TinyTeX/texmf-dist/tex/latex/beamer/
beamerbasetemplates.sty
\beamer@sbttoks=\toks30

(c:/Users/janne.pitkaniemi/AppData/Roaming/TinyTeX/texmf-dist/tex/latex/beamer/
beamerbaseauxtemplates.sty
(c:/Users/janne.pitkaniemi/AppData/Roaming/TinyTeX/texmf-dist/tex/latex/beamer/
beamerbaseboxes.sty
\bmb@box=\box48
\bmb@colorbox=\box49
\bmb@boxshadow=\box50
\bmb@boxshadowball=\box51
\bmb@boxshadowballlarge=\box52
\bmb@temp=\dimen172
\bmb@dima=\dimen173
\bmb@dimb=\dimen174
\bmb@prevheight=\dimen175
)
\beamer@blockheadheight=\dimen176
))
(c:/Users/janne.pitkaniemi/AppData/Roaming/TinyTeX/texmf-dist/tex/latex/beamer/
beamerbaselocalstructure.sty
(c:/Users/janne.pitkaniemi/AppData/Roaming/TinyTeX/texmf-dist/tex/latex/tools/e
numerate.sty
Package: enumerate 2015/07/23 v3.00 enumerate extensions (DPC)
\@enLab=\toks31
)
\c@figure=\count142
\c@table=\count143
\abovecaptionskip=\skip49
\belowcaptionskip=\skip50
)
(c:/Users/janne.pitkaniemi/AppData/Roaming/TinyTeX/texmf-dist/tex/latex/beamer/
beamerbasenavigation.sty
\beamer@section@min@dim=\dimen177
)
(c:/Users/janne.pitkaniemi/AppData/Roaming/TinyTeX/texmf-dist/tex/latex/beamer/
beamerbasetheorems.sty
(c:/Users/janne.pitkaniemi/AppData/Roaming/TinyTeX/texmf-dist/tex/latex/amsmath
/amsmath.sty
Package: amsmath 2019/11/16 v2.17d AMS math features
\@mathmargin=\skip51
For additional information on amsmath, use the `?' option.

(c:/Users/janne.pitkaniemi/AppData/Roaming/TinyTeX/texmf-dist/tex/latex/amsmath
/amstext.sty
Package: amstext 2000/06/29 v2.01 AMS text

(c:/Users/janne.pitkaniemi/AppData/Roaming/TinyTeX/texmf-dist/tex/latex/amsmath
/amsgen.sty
File: amsgen.sty 1999/11/30 v2.0 generic functions
\@emptytoks=\toks32
\ex@=\dimen178
))
(c:/Users/janne.pitkaniemi/AppData/Roaming/TinyTeX/texmf-dist/tex/latex/amsmath
/amsbsy.sty
Package: amsbsy 1999/11/29 v1.2d Bold Symbols
\pmbraise@=\dimen179
)
(c:/Users/janne.pitkaniemi/AppData/Roaming/TinyTeX/texmf-dist/tex/latex/amsmath
/amsopn.sty
Package: amsopn 2016/03/08 v2.02 operator names
)
\inf@bad=\count144
LaTeX Info: Redefining \frac on input line 227.
\uproot@=\count145
\leftroot@=\count146
LaTeX Info: Redefining \overline on input line 389.
\classnum@=\count147
\DOTSCASE@=\count148
LaTeX Info: Redefining \ldots on input line 486.
LaTeX Info: Redefining \dots on input line 489.
LaTeX Info: Redefining \cdots on input line 610.
\Mathstrutbox@=\box53
\strutbox@=\box54
\big@size=\dimen180
LaTeX Font Info:    Redeclaring font encoding OML on input line 733.
LaTeX Font Info:    Redeclaring font encoding OMS on input line 734.
\macc@depth=\count149
\c@MaxMatrixCols=\count150
\dotsspace@=\muskip11
\c@parentequation=\count151
\dspbrk@lvl=\count152
\tag@help=\toks33
\row@=\count153
\column@=\count154
\maxfields@=\count155
\andhelp@=\toks34
\eqnshift@=\dimen181
\alignsep@=\dimen182
\tagshift@=\dimen183
\tagwidth@=\dimen184
\totwidth@=\dimen185
\lineht@=\dimen186
\@envbody=\toks35
\multlinegap=\skip52
\multlinetaggap=\skip53
\mathdisplay@stack=\toks36
LaTeX Info: Redefining \[ on input line 2858.
LaTeX Info: Redefining \] on input line 2859.
)
(c:/Users/janne.pitkaniemi/AppData/Roaming/TinyTeX/texmf-dist/tex/latex/amscls/
amsthm.sty
Package: amsthm 2017/10/31 v2.20.4
\thm@style=\toks37
\thm@bodyfont=\toks38
\thm@headfont=\toks39
\thm@notefont=\toks40
\thm@headpunct=\toks41
\thm@preskip=\skip54
\thm@postskip=\skip55
\thm@headsep=\skip56
\dth@everypar=\toks42
)
\c@theorem=\count156
)
(c:/Users/janne.pitkaniemi/AppData/Roaming/TinyTeX/texmf-dist/tex/latex/beamer/
beamerbasethemes.sty))
(c:/Users/janne.pitkaniemi/AppData/Roaming/TinyTeX/texmf-dist/tex/latex/beamer/
beamerthemedefault.sty
(c:/Users/janne.pitkaniemi/AppData/Roaming/TinyTeX/texmf-dist/tex/latex/beamer/
beamerfontthemedefault.sty)
(c:/Users/janne.pitkaniemi/AppData/Roaming/TinyTeX/texmf-dist/tex/latex/beamer/
beamercolorthemedefault.sty)
(c:/Users/janne.pitkaniemi/AppData/Roaming/TinyTeX/texmf-dist/tex/latex/beamer/
beamerinnerthemedefault.sty
\beamer@dima=\dimen187
\beamer@dimb=\dimen188
)
(c:/Users/janne.pitkaniemi/AppData/Roaming/TinyTeX/texmf-dist/tex/latex/beamer/
beamerouterthemedefault.sty)))
(c:/Users/janne.pitkaniemi/AppData/Roaming/TinyTeX/texmf-dist/tex/latex/pgf/uti
lities/pgfpages.sty
Package: pgfpages 2011/01/05 ver 0.02

(c:/Users/janne.pitkaniemi/AppData/Roaming/TinyTeX/texmf-dist/tex/latex/tools/c
alc.sty
Package: calc 2017/05/25 v4.3 Infix arithmetic (KKT,FJ)
\calc@Acount=\count157
\calc@Bcount=\count158
\calc@Adimen=\dimen189
\calc@Bdimen=\dimen190
\calc@Askip=\skip57
\calc@Bskip=\skip58
LaTeX Info: Redefining \setlength on input line 80.
LaTeX Info: Redefining \addtolength on input line 81.
\calc@Ccount=\count159
\calc@Cskip=\skip59
)
\pgf@logicalpages=\count160
\pgf@firstshipout=\count161
\pgf@lastshipout=\count162
\pgf@currentshipout=\count163
\pgf@cpn=\count164
\pgf@shipoutnextto=\count165
\pgfphysicalheight=\dimen191
\pgfphysicalwidth=\dimen192
\pgfpages@shipoutbox=\box55
)
(c:/Users/janne.pitkaniemi/AppData/Roaming/TinyTeX/texmf-dist/tex/latex/lm/lmod
ern.sty
Package: lmodern 2009/10/30 v1.6 Latin Modern Fonts
LaTeX Font Info:    Overwriting symbol font `operators' in version `normal'
(Font)                  OT1/cmr/m/n --> OT1/lmr/m/n on input line 22.
LaTeX Font Info:    Overwriting symbol font `letters' in version `normal'
(Font)                  OML/cmm/m/it --> OML/lmm/m/it on input line 23.
LaTeX Font Info:    Overwriting symbol font `symbols' in version `normal'
(Font)                  OMS/cmsy/m/n --> OMS/lmsy/m/n on input line 24.
LaTeX Font Info:    Overwriting symbol font `largesymbols' in version `normal'
(Font)                  OMX/cmex/m/n --> OMX/lmex/m/n on input line 25.
LaTeX Font Info:    Overwriting symbol font `operators' in version `bold'
(Font)                  OT1/cmr/bx/n --> OT1/lmr/bx/n on input line 26.
LaTeX Font Info:    Overwriting symbol font `letters' in version `bold'
(Font)                  OML/cmm/b/it --> OML/lmm/b/it on input line 27.
LaTeX Font Info:    Overwriting symbol font `symbols' in version `bold'
(Font)                  OMS/cmsy/b/n --> OMS/lmsy/b/n on input line 28.
LaTeX Font Info:    Overwriting symbol font `largesymbols' in version `bold'
(Font)                  OMX/cmex/m/n --> OMX/lmex/m/n on input line 29.
LaTeX Font Info:    Overwriting math alphabet `\mathbf' in version `normal'
(Font)                  OT1/cmr/bx/n --> OT1/lmr/bx/n on input line 31.
LaTeX Font Info:    Overwriting math alphabet `\mathsf' in version `normal'
(Font)                  OT1/cmss/m/n --> OT1/lmss/m/n on input line 32.
LaTeX Font Info:    Overwriting math alphabet `\mathit' in version `normal'
(Font)                  OT1/cmr/m/it --> OT1/lmr/m/it on input line 33.
LaTeX Font Info:    Overwriting math alphabet `\mathtt' in version `normal'
(Font)                  OT1/cmtt/m/n --> OT1/lmtt/m/n on input line 34.
LaTeX Font Info:    Overwriting math alphabet `\mathbf' in version `bold'
(Font)                  OT1/cmr/bx/n --> OT1/lmr/bx/n on input line 35.
LaTeX Font Info:    Overwriting math alphabet `\mathsf' in version `bold'
(Font)                  OT1/cmss/bx/n --> OT1/lmss/bx/n on input line 36.
LaTeX Font Info:    Overwriting math alphabet `\mathit' in version `bold'
(Font)                  OT1/cmr/bx/it --> OT1/lmr/bx/it on input line 37.
LaTeX Font Info:    Overwriting math alphabet `\mathtt' in version `bold'
(Font)                  OT1/cmtt/m/n --> OT1/lmtt/m/n on input line 38.
)
(c:/Users/janne.pitkaniemi/AppData/Roaming/TinyTeX/texmf-dist/tex/generic/iftex
/ifxetex.sty
Package: ifxetex 2019/10/25 v0.7 ifxetex legacy package. Use iftex instead.
)
(c:/Users/janne.pitkaniemi/AppData/Roaming/TinyTeX/texmf-dist/tex/generic/iftex
/ifluatex.sty
Package: ifluatex 2019/10/25 v1.5 ifluatex legacy package. Use iftex instead.
)
(c:/Users/janne.pitkaniemi/AppData/Roaming/TinyTeX/texmf-dist/tex/latex/base/fo
ntenc.sty
Package: fontenc 2018/08/11 v2.0j Standard LaTeX package

(c:/Users/janne.pitkaniemi/AppData/Roaming/TinyTeX/texmf-dist/tex/latex/base/t1
enc.def
File: t1enc.def 2018/08/11 v2.0j Standard LaTeX file
LaTeX Font Info:    Redeclaring font encoding T1 on input line 48.
))
(c:/Users/janne.pitkaniemi/AppData/Roaming/TinyTeX/texmf-dist/tex/latex/base/in
putenc.sty
Package: inputenc 2018/08/11 v1.3c Input encoding file
\inpenc@prehook=\toks43
\inpenc@posthook=\toks44
)
(c:/Users/janne.pitkaniemi/AppData/Roaming/TinyTeX/texmf-dist/tex/latex/base/te
xtcomp.sty
Package: textcomp 2018/08/11 v2.0j Standard LaTeX package
Package textcomp Info: Sub-encoding information:
(textcomp)               5 = only ISO-Adobe without \textcurrency
(textcomp)               4 = 5 + \texteuro
(textcomp)               3 = 4 + \textohm
(textcomp)               2 = 3 + \textestimated + \textcurrency
(textcomp)               1 = TS1 - \textcircled - \t
(textcomp)               0 = TS1 (full)
(textcomp)             Font families with sub-encoding setting implement
(textcomp)             only a restricted character set as indicated.
(textcomp)             Family '?' is the default used for unknown fonts.
(textcomp)             See the documentation for details.
Package textcomp Info: Setting ? sub-encoding to TS1/1 on input line 79.

(c:/Users/janne.pitkaniemi/AppData/Roaming/TinyTeX/texmf-dist/tex/latex/base/ts
1enc.def
File: ts1enc.def 2001/06/05 v3.0e (jk/car/fm) Standard LaTeX file
Now handling font encoding TS1 ...
... processing UTF-8 mapping file for font encoding TS1

(c:/Users/janne.pitkaniemi/AppData/Roaming/TinyTeX/texmf-dist/tex/latex/base/ts
1enc.dfu
File: ts1enc.dfu 2019/07/11 v1.2j UTF-8 support for inputenc
   defining Unicode char U+00A2 (decimal 162)
   defining Unicode char U+00A3 (decimal 163)
   defining Unicode char U+00A4 (decimal 164)
   defining Unicode char U+00A5 (decimal 165)
   defining Unicode char U+00A6 (decimal 166)
   defining Unicode char U+00A7 (decimal 167)
   defining Unicode char U+00A8 (decimal 168)
   defining Unicode char U+00A9 (decimal 169)
   defining Unicode char U+00AA (decimal 170)
   defining Unicode char U+00AC (decimal 172)
   defining Unicode char U+00AE (decimal 174)
   defining Unicode char U+00AF (decimal 175)
   defining Unicode char U+00B0 (decimal 176)
   defining Unicode char U+00B1 (decimal 177)
   defining Unicode char U+00B2 (decimal 178)
   defining Unicode char U+00B3 (decimal 179)
   defining Unicode char U+00B4 (decimal 180)
   defining Unicode char U+00B5 (decimal 181)
   defining Unicode char U+00B6 (decimal 182)
   defining Unicode char U+00B7 (decimal 183)
   defining Unicode char U+00B9 (decimal 185)
   defining Unicode char U+00BA (decimal 186)
   defining Unicode char U+00BC (decimal 188)
   defining Unicode char U+00BD (decimal 189)
   defining Unicode char U+00BE (decimal 190)
   defining Unicode char U+00D7 (decimal 215)
   defining Unicode char U+00F7 (decimal 247)
   defining Unicode char U+0192 (decimal 402)
   defining Unicode char U+02C7 (decimal 711)
   defining Unicode char U+02D8 (decimal 728)
   defining Unicode char U+02DD (decimal 733)
   defining Unicode char U+0E3F (decimal 3647)
   defining Unicode char U+2016 (decimal 8214)
   defining Unicode char U+2020 (decimal 8224)
   defining Unicode char U+2021 (decimal 8225)
   defining Unicode char U+2022 (decimal 8226)
   defining Unicode char U+2030 (decimal 8240)
   defining Unicode char U+2031 (decimal 8241)
   defining Unicode char U+203B (decimal 8251)
   defining Unicode char U+203D (decimal 8253)
   defining Unicode char U+2044 (decimal 8260)
   defining Unicode char U+204E (decimal 8270)
   defining Unicode char U+2052 (decimal 8274)
   defining Unicode char U+20A1 (decimal 8353)
   defining Unicode char U+20A4 (decimal 8356)
   defining Unicode char U+20A6 (decimal 8358)
   defining Unicode char U+20A9 (decimal 8361)
   defining Unicode char U+20AB (decimal 8363)
   defining Unicode char U+20AC (decimal 8364)
   defining Unicode char U+20B1 (decimal 8369)
   defining Unicode char U+2103 (decimal 8451)
   defining Unicode char U+2116 (decimal 8470)
   defining Unicode char U+2117 (decimal 8471)
   defining Unicode char U+211E (decimal 8478)
   defining Unicode char U+2120 (decimal 8480)
   defining Unicode char U+2122 (decimal 8482)
   defining Unicode char U+2126 (decimal 8486)
   defining Unicode char U+2127 (decimal 8487)
   defining Unicode char U+212E (decimal 8494)
   defining Unicode char U+2190 (decimal 8592)
   defining Unicode char U+2191 (decimal 8593)
   defining Unicode char U+2192 (decimal 8594)
   defining Unicode char U+2193 (decimal 8595)
   defining Unicode char U+2329 (decimal 9001)
   defining Unicode char U+232A (decimal 9002)
   defining Unicode char U+2422 (decimal 9250)
   defining Unicode char U+25E6 (decimal 9702)
   defining Unicode char U+25EF (decimal 9711)
   defining Unicode char U+266A (decimal 9834)
   defining Unicode char U+27E8 (decimal 10216)
   defining Unicode char U+27E9 (decimal 10217)
   defining Unicode char U+FEFF (decimal 65279)
))
LaTeX Info: Redefining \oldstylenums on input line 334.
Package textcomp Info: Setting cmr sub-encoding to TS1/0 on input line 349.
Package textcomp Info: Setting cmss sub-encoding to TS1/0 on input line 350.
Package textcomp Info: Setting cmtt sub-encoding to TS1/0 on input line 351.
Package textcomp Info: Setting cmvtt sub-encoding to TS1/0 on input line 352.
Package textcomp Info: Setting cmbr sub-encoding to TS1/0 on input line 353.
Package textcomp Info: Setting cmtl sub-encoding to TS1/0 on input line 354.
Package textcomp Info: Setting ccr sub-encoding to TS1/0 on input line 355.
Package textcomp Info: Setting ptm sub-encoding to TS1/4 on input line 356.
Package textcomp Info: Setting pcr sub-encoding to TS1/4 on input line 357.
Package textcomp Info: Setting phv sub-encoding to TS1/4 on input line 358.
Package textcomp Info: Setting ppl sub-encoding to TS1/3 on input line 359.
Package textcomp Info: Setting pag sub-encoding to TS1/4 on input line 360.
Package textcomp Info: Setting pbk sub-encoding to TS1/4 on input line 361.
Package textcomp Info: Setting pnc sub-encoding to TS1/4 on input line 362.
Package textcomp Info: Setting pzc sub-encoding to TS1/4 on input line 363.
Package textcomp Info: Setting bch sub-encoding to TS1/4 on input line 364.
Package textcomp Info: Setting put sub-encoding to TS1/5 on input line 365.
Package textcomp Info: Setting uag sub-encoding to TS1/5 on input line 366.
Package textcomp Info: Setting ugq sub-encoding to TS1/5 on input line 367.
Package textcomp Info: Setting ul8 sub-encoding to TS1/4 on input line 368.
Package textcomp Info: Setting ul9 sub-encoding to TS1/4 on input line 369.
Package textcomp Info: Setting augie sub-encoding to TS1/5 on input line 370.
Package textcomp Info: Setting dayrom sub-encoding to TS1/3 on input line 371.
Package textcomp Info: Setting dayroms sub-encoding to TS1/3 on input line 372.

Package textcomp Info: Setting pxr sub-encoding to TS1/0 on input line 373.
Package textcomp Info: Setting pxss sub-encoding to TS1/0 on input line 374.
Package textcomp Info: Setting pxtt sub-encoding to TS1/0 on input line 375.
Package textcomp Info: Setting txr sub-encoding to TS1/0 on input line 376.
Package textcomp Info: Setting txss sub-encoding to TS1/0 on input line 377.
Package textcomp Info: Setting txtt sub-encoding to TS1/0 on input line 378.
Package textcomp Info: Setting lmr sub-encoding to TS1/0 on input line 379.
Package textcomp Info: Setting lmdh sub-encoding to TS1/0 on input line 380.
Package textcomp Info: Setting lmss sub-encoding to TS1/0 on input line 381.
Package textcomp Info: Setting lmssq sub-encoding to TS1/0 on input line 382.
Package textcomp Info: Setting lmvtt sub-encoding to TS1/0 on input line 383.
Package textcomp Info: Setting lmtt sub-encoding to TS1/0 on input line 384.
Package textcomp Info: Setting qhv sub-encoding to TS1/0 on input line 385.
Package textcomp Info: Setting qag sub-encoding to TS1/0 on input line 386.
Package textcomp Info: Setting qbk sub-encoding to TS1/0 on input line 387.
Package textcomp Info: Setting qcr sub-encoding to TS1/0 on input line 388.
Package textcomp Info: Setting qcs sub-encoding to TS1/0 on input line 389.
Package textcomp Info: Setting qpl sub-encoding to TS1/0 on input line 390.
Package textcomp Info: Setting qtm sub-encoding to TS1/0 on input line 391.
Package textcomp Info: Setting qzc sub-encoding to TS1/0 on input line 392.
Package textcomp Info: Setting qhvc sub-encoding to TS1/0 on input line 393.
Package textcomp Info: Setting futs sub-encoding to TS1/4 on input line 394.
Package textcomp Info: Setting futx sub-encoding to TS1/4 on input line 395.
Package textcomp Info: Setting futj sub-encoding to TS1/4 on input line 396.
Package textcomp Info: Setting hlh sub-encoding to TS1/3 on input line 397.
Package textcomp Info: Setting hls sub-encoding to TS1/3 on input line 398.
Package textcomp Info: Setting hlst sub-encoding to TS1/3 on input line 399.
Package textcomp Info: Setting hlct sub-encoding to TS1/5 on input line 400.
Package textcomp Info: Setting hlx sub-encoding to TS1/5 on input line 401.
Package textcomp Info: Setting hlce sub-encoding to TS1/5 on input line 402.
Package textcomp Info: Setting hlcn sub-encoding to TS1/5 on input line 403.
Package textcomp Info: Setting hlcw sub-encoding to TS1/5 on input line 404.
Package textcomp Info: Setting hlcf sub-encoding to TS1/5 on input line 405.
Package textcomp Info: Setting pplx sub-encoding to TS1/3 on input line 406.
Package textcomp Info: Setting pplj sub-encoding to TS1/3 on input line 407.
Package textcomp Info: Setting ptmx sub-encoding to TS1/4 on input line 408.
Package textcomp Info: Setting ptmj sub-encoding to TS1/4 on input line 409.
)
(c:/Users/janne.pitkaniemi/AppData/Roaming/TinyTeX/texmf-dist/tex/latex/upquote
/upquote.sty
Package: upquote 2012/04/19 v1.3 upright-quote and grave-accent glyphs in verba
tim
)
(c:/Users/janne.pitkaniemi/AppData/Roaming/TinyTeX/texmf-dist/tex/latex/fancyvr
b/fancyvrb.sty
Package: fancyvrb 2020/01/13 v3.5 verbatim text (tvz,hv)
\FV@CodeLineNo=\count166
\FV@InFile=\read2
\FV@TabBox=\box56
\c@FancyVerbLine=\count167
\FV@StepNumber=\count168
\FV@OutFile=\write5
)
(c:/Users/janne.pitkaniemi/AppData/Roaming/TinyTeX/texmf-dist/tex/latex/framed/
framed.sty
Package: framed 2011/10/22 v 0.96: framed or shaded text with page breaks
\OuterFrameSep=\skip60
\fb@frw=\dimen193
\fb@frh=\dimen194
\FrameRule=\dimen195
\FrameSep=\dimen196
)
(c:/Users/janne.pitkaniemi/AppData/Roaming/TinyTeX/texmf-dist/tex/latex/grffile
/grffile.sty
Package: grffile 2019/11/11 v2.1 Extended file name support for graphics (legac
y)
Package grffile Info: This package is an empty stub for compatibility on input 
line 40.
) (./EpiR-Tampere2020-lect2.aux)
\openout1 = `EpiR-Tampere2020-lect2.aux'.

LaTeX Font Info:    Checking defaults for OML/cmm/m/it on input line 349.
LaTeX Font Info:    ... okay on input line 349.
LaTeX Font Info:    Checking defaults for T1/cmr/m/n on input line 349.
LaTeX Font Info:    ... okay on input line 349.
LaTeX Font Info:    Checking defaults for OT1/cmr/m/n on input line 349.
LaTeX Font Info:    ... okay on input line 349.
LaTeX Font Info:    Checking defaults for OMS/cmsy/m/n on input line 349.
LaTeX Font Info:    ... okay on input line 349.
LaTeX Font Info:    Checking defaults for OMX/cmex/m/n on input line 349.
LaTeX Font Info:    ... okay on input line 349.
LaTeX Font Info:    Checking defaults for U/cmr/m/n on input line 349.
LaTeX Font Info:    ... okay on input line 349.
LaTeX Font Info:    Checking defaults for PD1/pdf/m/n on input line 349.
LaTeX Font Info:    ... okay on input line 349.
LaTeX Font Info:    Checking defaults for PU/pdf/m/n on input line 349.
LaTeX Font Info:    ... okay on input line 349.
LaTeX Font Info:    Checking defaults for TS1/cmr/m/n on input line 349.
LaTeX Font Info:    Trying to load font information for TS1+cmr on input line 3
49.

(c:/Users/janne.pitkaniemi/AppData/Roaming/TinyTeX/texmf-dist/tex/latex/base/ts
1cmr.fd
File: ts1cmr.fd 2014/09/29 v2.5h Standard LaTeX font definitions
)
LaTeX Font Info:    ... okay on input line 349.
LaTeX Font Info:    Trying to load font information for T1+lmss on input line 3
49.

(c:/Users/janne.pitkaniemi/AppData/Roaming/TinyTeX/texmf-dist/tex/latex/lm/t1lm
ss.fd
File: t1lmss.fd 2009/10/30 v1.6 Font defs for Latin Modern
)
*geometry* driver: auto-detecting
*geometry* detected driver: pdftex
*geometry* verbose mode - [ preamble ] result:
* driver: pdftex
* paper: custom
* layout: <same size as paper>
* layoutoffset:(h,v)=(0.0pt,0.0pt)
* modes: includehead includefoot 
* h-part:(L,W,R)=(28.45274pt, 307.28987pt, 28.45274pt)
* v-part:(T,H,B)=(0.0pt, 273.14662pt, 0.0pt)
* \paperwidth=364.19536pt
* \paperheight=273.14662pt
* \textwidth=307.28987pt
* \textheight=244.6939pt
* \oddsidemargin=-43.81725pt
* \evensidemargin=-43.81725pt
* \topmargin=-72.26999pt
* \headheight=14.22636pt
* \headsep=0.0pt
* \topskip=11.0pt
* \footskip=14.22636pt
* \marginparwidth=4.0pt
* \marginparsep=10.0pt
* \columnsep=10.0pt
* \skip\footins=10.0pt plus 4.0pt minus 2.0pt
* \hoffset=0.0pt
* \voffset=0.0pt
* \mag=1000
* \@twocolumnfalse
* \@twosidefalse
* \@mparswitchfalse
* \@reversemarginfalse
* (1in=72.27pt=25.4mm, 1cm=28.453pt)


(c:/Users/janne.pitkaniemi/AppData/Roaming/TinyTeX/texmf-dist/tex/latex/epstopd
f-pkg/epstopdf-base.sty
Package: epstopdf-base 2019-12-09 v2.10 Base part for package epstopdf
Package epstopdf-base Info: Redefining graphics rule for `.eps' on input line 4
85.

(c:/Users/janne.pitkaniemi/AppData/Roaming/TinyTeX/texmf-dist/tex/latex/latexco
nfig/epstopdf-sys.cfg
File: epstopdf-sys.cfg 2010/07/13 v1.3 Configuration of (r)epstopdf for TeX Liv
e
)) ABD: EveryShipout initializing macros
\AtBeginShipoutBox=\box57
Package hyperref Info: Link coloring OFF on input line 349.

(c:/Users/janne.pitkaniemi/AppData/Roaming/TinyTeX/texmf-dist/tex/latex/hyperre
f/nameref.sty
Package: nameref 2019/09/16 v2.46 Cross-referencing by name of section

(c:/Users/janne.pitkaniemi/AppData/Roaming/TinyTeX/texmf-dist/tex/latex/refcoun
t/refcount.sty
Package: refcount 2019/12/15 v3.6 Data extraction from label references (HO)
)
(c:/Users/janne.pitkaniemi/AppData/Roaming/TinyTeX/texmf-dist/tex/generic/getti
tlestring/gettitlestring.sty
Package: gettitlestring 2019/12/15 v1.6 Cleanup title references (HO)
)
\c@section@level=\count169
)
LaTeX Info: Redefining \ref on input line 349.
LaTeX Info: Redefining \pageref on input line 349.
LaTeX Info: Redefining \nameref on input line 349.
(./EpiR-Tampere2020-lect2.out) (./EpiR-Tampere2020-lect2.out)
\@outlinefile=\write6
\openout6 = `EpiR-Tampere2020-lect2.out'.

LaTeX Font Info:    Overwriting symbol font `operators' in version `normal'
(Font)                  OT1/lmr/m/n --> OT1/cmss/m/n on input line 349.
LaTeX Font Info:    Overwriting symbol font `operators' in version `bold'
(Font)                  OT1/lmr/bx/n --> OT1/cmss/bx/n on input line 349.
LaTeX Font Info:    Overwriting symbol font `operators' in version `normal'
(Font)                  OT1/cmss/m/n --> OT1/lmss/m/n on input line 349.
LaTeX Font Info:    Overwriting symbol font `operators' in version `bold'
(Font)                  OT1/cmss/bx/n --> OT1/lmss/bx/n on input line 349.
\symnumbers=\mathgroup6
\sympureletters=\mathgroup7
LaTeX Font Info:    Overwriting math alphabet `\mathrm' in version `normal'
(Font)                  OT1/lmss/m/n --> T1/lmr/m/n on input line 349.
LaTeX Font Info:    Redeclaring math alphabet \mathbf on input line 349.
LaTeX Font Info:    Overwriting math alphabet `\mathbf' in version `normal'
(Font)                  OT1/lmr/bx/n --> T1/lmss/bx/n on input line 349.
LaTeX Font Info:    Overwriting math alphabet `\mathbf' in version `bold'
(Font)                  OT1/lmr/bx/n --> T1/lmss/bx/n on input line 349.
LaTeX Font Info:    Redeclaring math alphabet \mathsf on input line 349.
LaTeX Font Info:    Overwriting math alphabet `\mathsf' in version `normal'
(Font)                  OT1/lmss/m/n --> T1/lmss/m/n on input line 349.
LaTeX Font Info:    Overwriting math alphabet `\mathsf' in version `bold'
(Font)                  OT1/lmss/bx/n --> T1/lmss/m/n on input line 349.
LaTeX Font Info:    Redeclaring math alphabet \mathit on input line 349.
LaTeX Font Info:    Overwriting math alphabet `\mathit' in version `normal'
(Font)                  OT1/lmr/m/it --> T1/lmss/m/it on input line 349.
LaTeX Font Info:    Overwriting math alphabet `\mathit' in version `bold'
(Font)                  OT1/lmr/bx/it --> T1/lmss/m/it on input line 349.
LaTeX Font Info:    Redeclaring math alphabet \mathtt on input line 349.
LaTeX Font Info:    Overwriting math alphabet `\mathtt' in version `normal'
(Font)                  OT1/lmtt/m/n --> T1/lmtt/m/n on input line 349.
LaTeX Font Info:    Overwriting math alphabet `\mathtt' in version `bold'
(Font)                  OT1/lmtt/m/n --> T1/lmtt/m/n on input line 349.
LaTeX Font Info:    Overwriting symbol font `numbers' in version `bold'
(Font)                  T1/lmss/m/n --> T1/lmss/bx/n on input line 349.
LaTeX Font Info:    Overwriting symbol font `pureletters' in version `bold'
(Font)                  T1/lmss/m/it --> T1/lmss/bx/it on input line 349.
LaTeX Font Info:    Overwriting math alphabet `\mathrm' in version `bold'
(Font)                  OT1/lmss/bx/n --> T1/lmr/bx/n on input line 349.
LaTeX Font Info:    Overwriting math alphabet `\mathbf' in version `bold'
(Font)                  T1/lmss/bx/n --> T1/lmss/bx/n on input line 349.
LaTeX Font Info:    Overwriting math alphabet `\mathsf' in version `bold'
(Font)                  T1/lmss/m/n --> T1/lmss/bx/n on input line 349.
LaTeX Font Info:    Overwriting math alphabet `\mathit' in version `bold'
(Font)                  T1/lmss/m/it --> T1/lmss/bx/it on input line 349.
LaTeX Font Info:    Overwriting math alphabet `\mathtt' in version `bold'
(Font)                  T1/lmtt/m/n --> T1/lmtt/bx/n on input line 349.

(c:/Users/janne.pitkaniemi/AppData/Roaming/TinyTeX/texmf-dist/tex/latex/transla
tor/translator-basic-dictionary-English.dict
Dictionary: translator-basic-dictionary, Language: English 
)
(c:/Users/janne.pitkaniemi/AppData/Roaming/TinyTeX/texmf-dist/tex/latex/transla
tor/translator-bibliography-dictionary-English.dict
Dictionary: translator-bibliography-dictionary, Language: English 
)
(c:/Users/janne.pitkaniemi/AppData/Roaming/TinyTeX/texmf-dist/tex/latex/transla
tor/translator-environment-dictionary-English.dict
Dictionary: translator-environment-dictionary, Language: English 
)
(c:/Users/janne.pitkaniemi/AppData/Roaming/TinyTeX/texmf-dist/tex/latex/transla
tor/translator-months-dictionary-English.dict
Dictionary: translator-months-dictionary, Language: English 
)
(c:/Users/janne.pitkaniemi/AppData/Roaming/TinyTeX/texmf-dist/tex/latex/transla
tor/translator-numbers-dictionary-English.dict
Dictionary: translator-numbers-dictionary, Language: English 
)
(c:/Users/janne.pitkaniemi/AppData/Roaming/TinyTeX/texmf-dist/tex/latex/transla
tor/translator-theorem-dictionary-English.dict
Dictionary: translator-theorem-dictionary, Language: English 
) (./EpiR-Tampere2020-lect2.nav) [1

{c:/Users/janne.pitkaniemi/AppData/Roaming/TinyTeX/texmf-var/fonts/map/pdftex/u
pdmap/pdftex.map}]
\openout4 = `EpiR-Tampere2020-lect2.vrb'.

(./EpiR-Tampere2020-lect2.vrb
LaTeX Font Info:    Trying to load font information for OT1+lmss on input line 
6.

(c:/Users/janne.pitkaniemi/AppData/Roaming/TinyTeX/texmf-dist/tex/latex/lm/ot1l
mss.fd
File: ot1lmss.fd 2009/10/30 v1.6 Font defs for Latin Modern
)
LaTeX Font Info:    Trying to load font information for OML+lmm on input line 6
.

(c:/Users/janne.pitkaniemi/AppData/Roaming/TinyTeX/texmf-dist/tex/latex/lm/omll
mm.fd
File: omllmm.fd 2009/10/30 v1.6 Font defs for Latin Modern
)
LaTeX Font Info:    Trying to load font information for OMS+lmsy on input line 
6.

(c:/Users/janne.pitkaniemi/AppData/Roaming/TinyTeX/texmf-dist/tex/latex/lm/omsl
msy.fd
File: omslmsy.fd 2009/10/30 v1.6 Font defs for Latin Modern
)
LaTeX Font Info:    Trying to load font information for OMX+lmex on input line 
6.

(c:/Users/janne.pitkaniemi/AppData/Roaming/TinyTeX/texmf-dist/tex/latex/lm/omxl
mex.fd
File: omxlmex.fd 2009/10/30 v1.6 Font defs for Latin Modern
)
LaTeX Font Info:    External font `lmex10' loaded for size
(Font)              <10.95> on input line 6.
LaTeX Font Info:    External font `lmex10' loaded for size
(Font)              <8> on input line 6.
LaTeX Font Info:    External font `lmex10' loaded for size
(Font)              <6> on input line 6.
LaTeX Font Info:    Trying to load font information for U+msa on input line 6.

(c:/Users/janne.pitkaniemi/AppData/Roaming/TinyTeX/texmf-dist/tex/latex/amsfont
s/umsa.fd
File: umsa.fd 2013/01/14 v3.01 AMS symbols A
)
LaTeX Font Info:    Trying to load font information for U+msb on input line 6.

(c:/Users/janne.pitkaniemi/AppData/Roaming/TinyTeX/texmf-dist/tex/latex/amsfont
s/umsb.fd
File: umsb.fd 2013/01/14 v3.01 AMS symbols B
)
LaTeX Font Info:    Font shape `T1/lmss/m/it' in size <10.95> not available
(Font)              Font shape `T1/lmss/m/sl' tried instead on input line 6.
LaTeX Font Info:    Font shape `T1/lmss/m/it' in size <8> not available
(Font)              Font shape `T1/lmss/m/sl' tried instead on input line 6.
LaTeX Font Info:    Font shape `T1/lmss/m/it' in size <6> not available
(Font)              Font shape `T1/lmss/m/sl' tried instead on input line 6.
LaTeX Font Info:    Trying to load font information for T1+lmtt on input line 2
2.

(c:/Users/janne.pitkaniemi/AppData/Roaming/TinyTeX/texmf-dist/tex/latex/lm/t1lm
tt.fd
File: t1lmtt.fd 2009/10/30 v1.6 Font defs for Latin Modern
)) [2

]
\openout4 = `EpiR-Tampere2020-lect2.vrb'.

(./EpiR-Tampere2020-lect2.vrb) [3

]
LaTeX Font Info:    External font `lmex10' loaded for size
(Font)              <10> on input line 463.
LaTeX Font Info:    External font `lmex10' loaded for size
(Font)              <7> on input line 463.
LaTeX Font Info:    External font `lmex10' loaded for size
(Font)              <5> on input line 463.
LaTeX Font Info:    Font shape `T1/lmss/m/it' in size <10> not available
(Font)              Font shape `T1/lmss/m/sl' tried instead on input line 463.
LaTeX Font Info:    Font shape `T1/lmss/m/it' in size <7> not available
(Font)              Font shape `T1/lmss/m/sl' tried instead on input line 463.
LaTeX Font Info:    Font shape `T1/lmss/m/it' in size <5> not available
(Font)              Font shape `T1/lmss/m/sl' tried instead on input line 463.
[4

]

Package amsmath Warning: Foreign command \over;
(amsmath)                \frac or \genfrac should be used instead
(amsmath)                 on input line 488.

LaTeX Font Info:    Font shape `T1/lmss/bx/it' in size <10.95> not available
(Font)              Font shape `T1/lmss/bx/sl' tried instead on input line 488.

[5

]

LaTeX Font Warning: Command \tiny invalid in math mode on input line 522.


LaTeX Font Warning: Command \tiny invalid in math mode on input line 522.


LaTeX Font Warning: Command \tiny invalid in math mode on input line 522.

[6

] [7

]
\openout4 = `EpiR-Tampere2020-lect2.vrb'.

(./EpiR-Tampere2020-lect2.vrb) [8

] [9

]
<odds.png, id=81, 301.8778pt x 234.8775pt>
File: odds.png Graphic file (type png)
<use odds.png>
Package pdftex.def Info: odds.png  used on input line 609.
(pdftex.def)             Requested size: 301.87706pt x 234.87692pt.

Overfull \vbox (35.14822pt too high) detected at line 609
 []

[10

 <./odds.PNG>] [11

]
LaTeX Font Info:    Trying to load font information for T1+lmr on input line 65
6.

(c:/Users/janne.pitkaniemi/AppData/Roaming/TinyTeX/texmf-dist/tex/latex/lm/t1lm
r.fd
File: t1lmr.fd 2009/10/30 v1.6 Font defs for Latin Modern
) [12

] [13

]
\openout4 = `EpiR-Tampere2020-lect2.vrb'.

(./EpiR-Tampere2020-lect2.vrb) [14

]
\openout4 = `EpiR-Tampere2020-lect2.vrb'.

(./EpiR-Tampere2020-lect2.vrb
LaTeX Font Info:    Font shape `T1/lmtt/bx/n' in size <10.95> not available
(Font)              Font shape `T1/lmtt/b/n' tried instead on input line 12.
) [15

]
\openout4 = `EpiR-Tampere2020-lect2.vrb'.

(./EpiR-Tampere2020-lect2.vrb
LaTeX Font Info:    Font shape `T1/lmtt/bx/n' in size <6> not available
(Font)              Font shape `T1/lmtt/b/n' tried instead on input line 14.
) [16

] [17

]
\tf@nav=\write7
\openout7 = `EpiR-Tampere2020-lect2.nav'.

\tf@toc=\write8
\openout8 = `EpiR-Tampere2020-lect2.toc'.

\tf@snm=\write9
\openout9 = `EpiR-Tampere2020-lect2.snm'.

Package atveryend Info: Empty hook `BeforeClearDocument' on input line 837.
Package atveryend Info: Empty hook `AfterLastShipout' on input line 837.
(./EpiR-Tampere2020-lect2.aux)
Package atveryend Info: Executing hook `AtVeryEndDocument' on input line 837.
Package atveryend Info: Executing hook `AtEndAfterFileList' on input line 837.
Package rerunfilecheck Info: File `EpiR-Tampere2020-lect2.out' has not changed.

(rerunfilecheck)             Checksum: D41D8CD98F00B204E9800998ECF8427E;0.
 ) 
Here is how much of TeX's memory you used:
 22114 strings out of 494106
 407489 string characters out of 6171478
 450913 words of memory out of 5000000
 25650 multiletter control sequences out of 15000+600000
 97294 words of font info for 78 fonts, out of 8000000 for 9000
 14 hyphenation exceptions out of 8191
 54i,11n,57p,810b,468s stack positions out of 5000i,500n,10000p,200000b,80000s
{c:/Users/janne.pitkaniemi/AppData/Roaming/TinyTeX/texmf-dist/fonts/enc/dvips
/lm/lm-ec.enc}{c:/Users/janne.pitkaniemi/AppData/Roaming/TinyTeX/texmf-dist/fon
ts/enc/dvips/lm/lm-mathex.enc}{c:/Users/janne.pitkaniemi/AppData/Roaming/TinyTe
X/texmf-dist/fonts/enc/dvips/lm/lm-mathsy.enc}{c:/Users/janne.pitkaniemi/AppDat
a/Roaming/TinyTeX/texmf-dist/fonts/enc/dvips/lm/lm-rm.enc}{c:/Users/janne.pitka
niemi/AppData/Roaming/TinyTeX/texmf-dist/fonts/enc/dvips/lm/lm-mathit.enc}<c:/U
sers/janne.pitkaniemi/AppData/Roaming/TinyTeX/texmf-dist/fonts/type1/public/lm/
lmex10.pfb><c:/Users/janne.pitkaniemi/AppData/Roaming/TinyTeX/texmf-dist/fonts/
type1/public/lm/lmmi10.pfb><c:/Users/janne.pitkaniemi/AppData/Roaming/TinyTeX/t
exmf-dist/fonts/type1/public/lm/lmr10.pfb><c:/Users/janne.pitkaniemi/AppData/Ro
aming/TinyTeX/texmf-dist/fonts/type1/public/lm/lmss10.pfb><c:/Users/janne.pitka
niemi/AppData/Roaming/TinyTeX/texmf-dist/fonts/type1/public/lm/lmss12.pfb><c:/U
sers/janne.pitkaniemi/AppData/Roaming/TinyTeX/texmf-dist/fonts/type1/public/lm/
lmss8.pfb><c:/Users/janne.pitkaniemi/AppData/Roaming/TinyTeX/texmf-dist/fonts/t
ype1/public/lm/lmssbo10.pfb><c:/Users/janne.pitkaniemi/AppData/Roaming/TinyTeX/
texmf-dist/fonts/type1/public/lm/lmssbx10.pfb><c:/Users/janne.pitkaniemi/AppDat
a/Roaming/TinyTeX/texmf-dist/fonts/type1/public/lm/lmsso10.pfb><c:/Users/janne.
pitkaniemi/AppData/Roaming/TinyTeX/texmf-dist/fonts/type1/public/lm/lmsso8.pfb>
<c:/Users/janne.pitkaniemi/AppData/Roaming/TinyTeX/texmf-dist/fonts/type1/publi
c/lm/lmsy10.pfb><c:/Users/janne.pitkaniemi/AppData/Roaming/TinyTeX/texmf-dist/f
onts/type1/public/lm/lmtk10.pfb><c:/Users/janne.pitkaniemi/AppData/Roaming/Tiny
TeX/texmf-dist/fonts/type1/public/lm/lmtt10.pfb><c:/Users/janne.pitkaniemi/AppD
ata/Roaming/TinyTeX/texmf-dist/fonts/type1/public/lm/lmtt12.pfb><c:/Users/janne
.pitkaniemi/AppData/Roaming/TinyTeX/texmf-dist/fonts/type1/public/lm/lmtt8.pfb>
<c:/Users/janne.pitkaniemi/AppData/Roaming/TinyTeX/texmf-dist/fonts/type1/publi
c/amsfonts/symbols/msam10.pfb>
Output written on EpiR-Tampere2020-lect2.pdf (17 pages, 319354 bytes).
PDF statistics:
 210 PDF objects out of 1000 (max. 8388607)
 165 compressed objects within 2 object streams
 51 named destinations out of 1000 (max. 500000)
 48 words of extra memory for PDF output out of 10000 (max. 10000000)

